This file contains any messages produced by compilers while
running configure, to aid debugging if configure makes a mistake.

It was created by mssilk configure 1.0.0, which was
generated by GNU Autoconf 2.69.  Invocation command line was

  $ /Users/huyheo/Documents/Linphone/linphone-iphone/submodules/build/..//mssilk/configure -prefix=/Users/huyheo/Documents/Linphone/linphone-iphone/submodules/build/..//../liblinphone-sdk/armv7-apple-darwin --host=armv7-apple-darwin --disable-shared --enable-static --enable-static

## --------- ##
## Platform. ##
## --------- ##

hostname = vkxs-Mac-mini.local
uname -m = x86_64
uname -r = 12.4.0
uname -s = Darwin
uname -v = Darwin Kernel Version 12.4.0: Wed May  1 17:57:12 PDT 2013; root:xnu-2050.24.15~1/RELEASE_X86_64

/usr/bin/uname -p = i386
/bin/uname -X     = unknown

/bin/arch              = unknown
/usr/bin/arch -k       = unknown
/usr/convex/getsysinfo = unknown
/usr/bin/hostinfo      = Mach kernel version:
	 Darwin Kernel Version 12.4.0: Wed May  1 17:57:12 PDT 2013; root:xnu-2050.24.15~1/RELEASE_X86_64
Kernel configured for up to 4 processors.
2 processors are physically available.
4 processors are logically available.
Processor type: i486 (Intel 80486)
Processors active: 0 1 2 3
Primary memory available: 4.00 gigabytes
Default processor set: 150 tasks, 662 threads, 4 processors
Load average: 2.52, Mach factor: 1.60
/bin/machine           = unknown
/usr/bin/oslevel       = unknown
/bin/universe          = unknown

PATH: /opt/local/bin
PATH: /opt/local/sbin
PATH: /opt/local/bin
PATH: /opt/local/sbin
PATH: /usr/bin
PATH: /bin
PATH: /usr/sbin
PATH: /sbin
PATH: /usr/local/bin
PATH: /opt/X11/bin


## ----------- ##
## Core tests. ##
## ----------- ##

configure:2051: loading site script /Users/huyheo/Documents/Linphone/linphone-iphone/submodules/build/..//build/iphone-config-gcc.site
| # -*- shell-script -*-
| 
| SDK_VERSION_MAJOR=4
| SDK_VERSION=4.0
| MCPU=""
| if test "${host_alias}" = "i386-apple-darwin" ; then 
| 	PLATFORM=Simulator
| 	ARCH=i386
| 	CMAKE_OPTS="-DCMAKE_SYSTEM_PROCESSOR=i386"
| 	MCPU=""
| elif test "${host_alias}" = "armv6-apple-darwin" ; then 
| 	ARCH=armv6
| 	PLATFORM=OS
| 	CMAKE_OPTS="-DCMAKE_SYSTEM_PROCESSOR=arm"
| 	MCPU="-mcpu=arm1176jzf-s"
| elif test "${host_alias}" = "armv7-apple-darwin" ; then 
| 	ARCH=armv7
| 	PLATFORM=OS
| 	CMAKE_OPTS="-DCMAKE_SYSTEM_PROCESSOR=arm"
| 	MCPU="-mcpu=cortex-a8"
| elif test "${host_alias}" = "armv7s-apple-darwin" ; then 
| 	ARCH=armv7s
| 	PLATFORM=OS
| 	CMAKE_OPTS="-DCMAKE_SYSTEM_PROCESSOR=arm"
| else 
| 	echo "bad host ${host_alias} must be either i386-apple-darwin or armv6-apple-darwin"
| 	exit
| fi
| echo "Loading config.site for iPhone platform=${PLATFORM} version=${SDK_VERSION}"
| XCODE_DEV_PATH=`xcode-select -print-path`
| #new path with Xcode 4.3:
| if test -d ${XCODE_DEV_PATH}/Platforms/iPhone${PLATFORM}.platform/Developer/SDKs ; then
| 	SDK_PATH_LIST=`ls -drt ${XCODE_DEV_PATH}/Platforms/iPhone${PLATFORM}.platform/Developer/SDKs/iPhone${PLATFORM}*`
| 	SDK_BIN_PATH=${XCODE_DEV_PATH}/Platforms/iPhone${PLATFORM}.platform/Developer/usr/bin  
| else
| 	SDK_PATH_LIST=`ls -drt /Developer/Platforms/iPhone${PLATFORM}.platform/Developer/SDKs/iPhone${PLATFORM}*`
| 	SDK_BIN_PATH=/Developer/Platforms/iPhone${PLATFORM}.platform/Developer/usr/bin  
| fi
|    
| for SYSROOT_PATH in $SDK_PATH_LIST ; do echo $SYSROOT_PATH ; done ;
| echo "Selecting SDK path = ${SYSROOT_PATH}"
| COMMON_FLAGS=" -arch ${ARCH} ${MCPU} -isysroot ${SYSROOT_PATH} -miphoneos-version-min=${SDK_VERSION} -DTARGET_OS_IPHONE=1 -D__IOS"
| CC="${SDK_BIN_PATH}/gcc -std=c99 $COMMON_FLAGS"
| OBJC="${SDK_BIN_PATH}/gcc -std=c99 $COMMON_FLAGS"
| CXX="${SDK_BIN_PATH}/g++ $COMMON_FLAGS"
| LD="${SDK_BIN_PATH}/ld -arch ${ARCH}"
| AR=${SDK_BIN_PATH}/ar
| RANLIB=${SDK_BIN_PATH}/ranlib
| 
| CPPFLAGS="-Dasm=__asm"
| OBJCFLAGS="-x objective-c -fexceptions -gdwarf-2 -fobjc-abi-version=2 -fobjc-legacy-dispatch"
configure:2195: checking for a BSD-compatible install
configure:2263: result: /opt/local/bin/ginstall -c
configure:2274: checking whether build environment is sane
configure:2329: result: yes
configure:2388: checking for armv7-apple-darwin-strip
configure:2418: result: no
configure:2428: checking for strip
configure:2444: found /usr/bin/strip
configure:2455: result: strip
configure:2480: checking for a thread-safe mkdir -p
configure:2519: result: /opt/local/bin/gmkdir -p
configure:2526: checking for gawk
configure:2556: result: no
configure:2526: checking for mawk
configure:2556: result: no
configure:2526: checking for nawk
configure:2556: result: no
configure:2526: checking for awk
configure:2542: found /usr/bin/awk
configure:2553: result: awk
configure:2564: checking whether make sets $(MAKE)
configure:2586: result: yes
configure:2615: checking whether make supports nested variables
configure:2632: result: yes
configure:2721: checking whether UID '502' is supported by ustar format
configure:2724: result: yes
configure:2731: checking whether GID '20' is supported by ustar format
configure:2734: result: yes
configure:2742: checking how to create a ustar tar archive
configure:2753: tar --version
bsdtar 2.8.3 - libarchive 2.8.3
configure:2756: $? = 0
configure:2796: tardir=conftest.dir && eval tar --format=ustar -chf - "$tardir" >conftest.tar
configure:2799: $? = 0
configure:2803: tar -xf - <conftest.tar
configure:2806: $? = 0
configure:2808: cat conftest.dir/file
GrepMe
configure:2811: $? = 0
configure:2824: result: gnutar
configure:2878: checking build system type
configure:2892: result: x86_64-apple-darwin12.4.0
configure:2912: checking host system type
configure:2925: result: armv7-apple-darwin
configure:2945: checking target system type
configure:2958: result: armv7-apple-darwin
configure:3032: checking for wget
configure:3050: found /opt/local/bin/wget
configure:3062: result: /opt/local/bin/wget
configure:3076: checking for md5sum
configure:3109: result: no
configure:3117: checking for openssl
configure:3135: found /opt/local/bin/openssl
configure:3147: result: /opt/local/bin/openssl
configure:3166: checking for unzip
configure:3184: found /usr/bin/unzip
configure:3196: result: /usr/bin/unzip
configure:3210: checking for patch
configure:3228: found /usr/bin/patch
configure:3240: result: /usr/bin/patch
configure:3299: checking how to print strings
configure:3326: result: printf
configure:3359: checking for style of include used by make
configure:3387: result: GNU
configure:3418: checking for armv7-apple-darwin-gcc
configure:3445: result: /Applications/Xcode.app/Contents/Developer/Platforms/iPhoneOS.platform/Developer/usr/bin/gcc -std=c99  -arch armv7 -mcpu=cortex-a8 -isysroot /Applications/Xcode.app/Contents/Developer/Platforms/iPhoneOS.platform/Developer/SDKs/iPhoneOS6.1.sdk -miphoneos-version-min=4.0 -DTARGET_OS_IPHONE=1 -D__IOS
configure:3714: checking for C compiler version
configure:3723: /Applications/Xcode.app/Contents/Developer/Platforms/iPhoneOS.platform/Developer/usr/bin/gcc -std=c99  -arch armv7 -mcpu=cortex-a8 -isysroot /Applications/Xcode.app/Contents/Developer/Platforms/iPhoneOS.platform/Developer/SDKs/iPhoneOS6.1.sdk -miphoneos-version-min=4.0 -DTARGET_OS_IPHONE=1 -D__IOS --version >&5
arm-apple-darwin10-llvm-gcc-4.2 (GCC) 4.2.1 (Based on Apple Inc. build 5658) (LLVM build 2410.2.00)
Copyright (C) 2007 Free Software Foundation, Inc.
This is free software; see the source for copying conditions.  There is NO
warranty; not even for MERCHANTABILITY or FITNESS FOR A PARTICULAR PURPOSE.

configure:3734: $? = 0
configure:3723: /Applications/Xcode.app/Contents/Developer/Platforms/iPhoneOS.platform/Developer/usr/bin/gcc -std=c99  -arch armv7 -mcpu=cortex-a8 -isysroot /Applications/Xcode.app/Contents/Developer/Platforms/iPhoneOS.platform/Developer/SDKs/iPhoneOS6.1.sdk -miphoneos-version-min=4.0 -DTARGET_OS_IPHONE=1 -D__IOS -v >&5
Using built-in specs.
Target: arm-apple-darwin10
Configured with: /private/var/tmp/llvmgcc42_Embedded/llvmgcc42_Embedded-2410.2~111/src/configure --enable-checking --enable-werror --prefix=/Developer/usr/llvm-gcc-4.2 --mandir=/share/man --enable-languages=c,objc,c++,obj-c++ --program-prefix=llvm- --program-transform-name=/^[cg][^.-]*$/s/$/-4.2/ --with-slibdir=/usr/lib --disable-tls --build=i686-apple-darwin10 --enable-llvm=/private/var/tmp/llvmgcc42_Embedded/llvmgcc42_Embedded-2410.2~111/dst-llvmCore/Developer/usr/local --program-prefix=arm-apple-darwin10- --host=x86_64-apple-darwin10 --target=arm-apple-darwin10 --with-gxx-include-dir=/usr/include/c++/4.2.1 --with-build-sysroot=/Applications/Xcode.app/Contents/Developer/Platforms/iPhoneOS.platform/Developer/SDKs/iPhoneOS6.1.Internal.sdk
Thread model: posix
gcc version 4.2.1 (Based on Apple Inc. build 5658) (LLVM build 2410.2.00)
configure:3734: $? = 0
configure:3723: /Applications/Xcode.app/Contents/Developer/Platforms/iPhoneOS.platform/Developer/usr/bin/gcc -std=c99  -arch armv7 -mcpu=cortex-a8 -isysroot /Applications/Xcode.app/Contents/Developer/Platforms/iPhoneOS.platform/Developer/SDKs/iPhoneOS6.1.sdk -miphoneos-version-min=4.0 -DTARGET_OS_IPHONE=1 -D__IOS -V >&5
llvm-gcc-4.2: argument to `-V' is missing
configure:3734: $? = 1
configure:3723: /Applications/Xcode.app/Contents/Developer/Platforms/iPhoneOS.platform/Developer/usr/bin/gcc -std=c99  -arch armv7 -mcpu=cortex-a8 -isysroot /Applications/Xcode.app/Contents/Developer/Platforms/iPhoneOS.platform/Developer/SDKs/iPhoneOS6.1.sdk -miphoneos-version-min=4.0 -DTARGET_OS_IPHONE=1 -D__IOS -qversion >&5
arm-apple-darwin10-llvm-gcc-4.2: no input files
configure:3734: $? = 1
configure:3754: checking whether the C compiler works
configure:3776: /Applications/Xcode.app/Contents/Developer/Platforms/iPhoneOS.platform/Developer/usr/bin/gcc -std=c99  -arch armv7 -mcpu=cortex-a8 -isysroot /Applications/Xcode.app/Contents/Developer/Platforms/iPhoneOS.platform/Developer/SDKs/iPhoneOS6.1.sdk -miphoneos-version-min=4.0 -DTARGET_OS_IPHONE=1 -D__IOS  -Wall -mno-thumb -Dasm=__asm  conftest.c  >&5
configure:3780: $? = 0
configure:3828: result: yes
configure:3831: checking for C compiler default output file name
configure:3833: result: a.out
configure:3839: checking for suffix of executables
configure:3846: /Applications/Xcode.app/Contents/Developer/Platforms/iPhoneOS.platform/Developer/usr/bin/gcc -std=c99  -arch armv7 -mcpu=cortex-a8 -isysroot /Applications/Xcode.app/Contents/Developer/Platforms/iPhoneOS.platform/Developer/SDKs/iPhoneOS6.1.sdk -miphoneos-version-min=4.0 -DTARGET_OS_IPHONE=1 -D__IOS -o conftest  -Wall -mno-thumb -Dasm=__asm  conftest.c  >&5
configure:3850: $? = 0
configure:3872: result: 
configure:3894: checking whether we are cross compiling
configure:3902: /Applications/Xcode.app/Contents/Developer/Platforms/iPhoneOS.platform/Developer/usr/bin/gcc -std=c99  -arch armv7 -mcpu=cortex-a8 -isysroot /Applications/Xcode.app/Contents/Developer/Platforms/iPhoneOS.platform/Developer/SDKs/iPhoneOS6.1.sdk -miphoneos-version-min=4.0 -DTARGET_OS_IPHONE=1 -D__IOS -o conftest  -Wall -mno-thumb -Dasm=__asm  conftest.c  >&5
configure:3906: $? = 0
configure:3913: ./conftest
/Users/huyheo/Documents/Linphone/linphone-iphone/submodules/build/..//mssilk/configure: line 3915: ./conftest: Bad CPU type in executable
configure:3917: $? = 126
configure:3932: result: yes
configure:3937: checking for suffix of object files
configure:3959: /Applications/Xcode.app/Contents/Developer/Platforms/iPhoneOS.platform/Developer/usr/bin/gcc -std=c99  -arch armv7 -mcpu=cortex-a8 -isysroot /Applications/Xcode.app/Contents/Developer/Platforms/iPhoneOS.platform/Developer/SDKs/iPhoneOS6.1.sdk -miphoneos-version-min=4.0 -DTARGET_OS_IPHONE=1 -D__IOS -c  -Wall -mno-thumb -Dasm=__asm conftest.c >&5
configure:3963: $? = 0
configure:3984: result: o
configure:3988: checking whether we are using the GNU C compiler
configure:4007: /Applications/Xcode.app/Contents/Developer/Platforms/iPhoneOS.platform/Developer/usr/bin/gcc -std=c99  -arch armv7 -mcpu=cortex-a8 -isysroot /Applications/Xcode.app/Contents/Developer/Platforms/iPhoneOS.platform/Developer/SDKs/iPhoneOS6.1.sdk -miphoneos-version-min=4.0 -DTARGET_OS_IPHONE=1 -D__IOS -c  -Wall -mno-thumb -Dasm=__asm conftest.c >&5
configure:4007: $? = 0
configure:4016: result: yes
configure:4025: checking whether /Applications/Xcode.app/Contents/Developer/Platforms/iPhoneOS.platform/Developer/usr/bin/gcc -std=c99  -arch armv7 -mcpu=cortex-a8 -isysroot /Applications/Xcode.app/Contents/Developer/Platforms/iPhoneOS.platform/Developer/SDKs/iPhoneOS6.1.sdk -miphoneos-version-min=4.0 -DTARGET_OS_IPHONE=1 -D__IOS accepts -g
configure:4045: /Applications/Xcode.app/Contents/Developer/Platforms/iPhoneOS.platform/Developer/usr/bin/gcc -std=c99  -arch armv7 -mcpu=cortex-a8 -isysroot /Applications/Xcode.app/Contents/Developer/Platforms/iPhoneOS.platform/Developer/SDKs/iPhoneOS6.1.sdk -miphoneos-version-min=4.0 -DTARGET_OS_IPHONE=1 -D__IOS -c -g -Dasm=__asm conftest.c >&5
configure:4045: $? = 0
configure:4086: result: yes
configure:4103: checking for /Applications/Xcode.app/Contents/Developer/Platforms/iPhoneOS.platform/Developer/usr/bin/gcc -std=c99  -arch armv7 -mcpu=cortex-a8 -isysroot /Applications/Xcode.app/Contents/Developer/Platforms/iPhoneOS.platform/Developer/SDKs/iPhoneOS6.1.sdk -miphoneos-version-min=4.0 -DTARGET_OS_IPHONE=1 -D__IOS option to accept ISO C89
configure:4166: /Applications/Xcode.app/Contents/Developer/Platforms/iPhoneOS.platform/Developer/usr/bin/gcc -std=c99  -arch armv7 -mcpu=cortex-a8 -isysroot /Applications/Xcode.app/Contents/Developer/Platforms/iPhoneOS.platform/Developer/SDKs/iPhoneOS6.1.sdk -miphoneos-version-min=4.0 -DTARGET_OS_IPHONE=1 -D__IOS  -c  -Wall -mno-thumb -Dasm=__asm conftest.c >&5
configure:4166: $? = 0
configure:4179: result: none needed
configure:4204: checking whether /Applications/Xcode.app/Contents/Developer/Platforms/iPhoneOS.platform/Developer/usr/bin/gcc -std=c99  -arch armv7 -mcpu=cortex-a8 -isysroot /Applications/Xcode.app/Contents/Developer/Platforms/iPhoneOS.platform/Developer/SDKs/iPhoneOS6.1.sdk -miphoneos-version-min=4.0 -DTARGET_OS_IPHONE=1 -D__IOS understands -c and -o together
configure:4226: /Applications/Xcode.app/Contents/Developer/Platforms/iPhoneOS.platform/Developer/usr/bin/gcc -std=c99  -arch armv7 -mcpu=cortex-a8 -isysroot /Applications/Xcode.app/Contents/Developer/Platforms/iPhoneOS.platform/Developer/SDKs/iPhoneOS6.1.sdk -miphoneos-version-min=4.0 -DTARGET_OS_IPHONE=1 -D__IOS -c conftest.c -o conftest2.o
configure:4229: $? = 0
configure:4226: /Applications/Xcode.app/Contents/Developer/Platforms/iPhoneOS.platform/Developer/usr/bin/gcc -std=c99  -arch armv7 -mcpu=cortex-a8 -isysroot /Applications/Xcode.app/Contents/Developer/Platforms/iPhoneOS.platform/Developer/SDKs/iPhoneOS6.1.sdk -miphoneos-version-min=4.0 -DTARGET_OS_IPHONE=1 -D__IOS -c conftest.c -o conftest2.o
configure:4229: $? = 0
configure:4241: result: yes
configure:4260: checking dependency style of /Applications/Xcode.app/Contents/Developer/Platforms/iPhoneOS.platform/Developer/usr/bin/gcc -std=c99  -arch armv7 -mcpu=cortex-a8 -isysroot /Applications/Xcode.app/Contents/Developer/Platforms/iPhoneOS.platform/Developer/SDKs/iPhoneOS6.1.sdk -miphoneos-version-min=4.0 -DTARGET_OS_IPHONE=1 -D__IOS
configure:4371: result: gcc3
configure:4386: checking for a sed that does not truncate output
configure:4450: result: /usr/bin/sed
configure:4468: checking for grep that handles long lines and -e
configure:4526: result: /opt/local/bin/grep
configure:4531: checking for egrep
configure:4593: result: /opt/local/bin/grep -E
configure:4598: checking for fgrep
configure:4660: result: /opt/local/bin/grep -F
configure:4695: checking for ld used by /Applications/Xcode.app/Contents/Developer/Platforms/iPhoneOS.platform/Developer/usr/bin/gcc -std=c99  -arch armv7 -mcpu=cortex-a8 -isysroot /Applications/Xcode.app/Contents/Developer/Platforms/iPhoneOS.platform/Developer/SDKs/iPhoneOS6.1.sdk -miphoneos-version-min=4.0 -DTARGET_OS_IPHONE=1 -D__IOS
configure:4762: result: /Applications/Xcode.app/Contents/Developer/Platforms/iPhoneOS.platform/Developer/usr/bin/ld -arch armv7
configure:4769: checking if the linker (/Applications/Xcode.app/Contents/Developer/Platforms/iPhoneOS.platform/Developer/usr/bin/ld -arch armv7) is GNU ld
configure:4784: result: no
configure:4796: checking for BSD- or MS-compatible name lister (nm)
configure:4845: result: no
configure:4859: checking for armv7-apple-darwin-dumpbin
configure:4889: result: no
configure:4859: checking for armv7-apple-darwin-link
configure:4889: result: no
configure:4903: checking for dumpbin
configure:4933: result: no
configure:4903: checking for link
configure:4919: found /bin/link
configure:4930: result: link -dump
configure:4946: WARNING: using cross tools not prefixed with host triplet
configure:4975: checking the name lister (nm) interface
configure:4982: /Applications/Xcode.app/Contents/Developer/Platforms/iPhoneOS.platform/Developer/usr/bin/gcc -std=c99  -arch armv7 -mcpu=cortex-a8 -isysroot /Applications/Xcode.app/Contents/Developer/Platforms/iPhoneOS.platform/Developer/SDKs/iPhoneOS6.1.sdk -miphoneos-version-min=4.0 -DTARGET_OS_IPHONE=1 -D__IOS -c  -Wall -mno-thumb -Dasm=__asm conftest.c >&5
configure:4985: nm "conftest.o"
configure:4988: output
00000000 S _some_variable
configure:4995: result: BSD nm
configure:4998: checking whether ln -s works
configure:5002: result: yes
configure:5010: checking the maximum length of command line arguments
configure:5140: result: 196608
configure:5157: checking whether the shell understands some XSI constructs
configure:5167: result: yes
configure:5171: checking whether the shell understands "+="
configure:5177: result: yes
configure:5212: checking how to convert x86_64-apple-darwin12.4.0 file names to armv7-apple-darwin format
configure:5252: result: func_convert_file_noop
configure:5259: checking how to convert x86_64-apple-darwin12.4.0 file names to toolchain format
configure:5279: result: func_convert_file_noop
configure:5286: checking for /Applications/Xcode.app/Contents/Developer/Platforms/iPhoneOS.platform/Developer/usr/bin/ld -arch armv7 option to reload object files
configure:5293: result: -r
configure:5327: checking for armv7-apple-darwin-objdump
configure:5357: result: no
configure:5367: checking for objdump
configure:5397: result: no
configure:5426: checking how to recognize dependent libraries
configure:5628: result: pass_all
configure:5673: checking for armv7-apple-darwin-dlltool
configure:5703: result: no
configure:5713: checking for dlltool
configure:5743: result: no
configure:5773: checking how to associate runtime and link libraries
configure:5800: result: printf %s\n
configure:5817: checking for armv7-apple-darwin-ar
configure:5844: result: /Applications/Xcode.app/Contents/Developer/Platforms/iPhoneOS.platform/Developer/usr/bin/ar
configure:5925: checking for archiver @FILE support
configure:5942: /Applications/Xcode.app/Contents/Developer/Platforms/iPhoneOS.platform/Developer/usr/bin/gcc -std=c99  -arch armv7 -mcpu=cortex-a8 -isysroot /Applications/Xcode.app/Contents/Developer/Platforms/iPhoneOS.platform/Developer/SDKs/iPhoneOS6.1.sdk -miphoneos-version-min=4.0 -DTARGET_OS_IPHONE=1 -D__IOS -c  -Wall -mno-thumb -Dasm=__asm conftest.c >&5
configure:5942: $? = 0
configure:5945: /Applications/Xcode.app/Contents/Developer/Platforms/iPhoneOS.platform/Developer/usr/bin/ar cru libconftest.a @conftest.lst >&5
ar: @conftest.lst: No such file or directory
configure:5948: $? = 1
configure:5968: result: no
configure:5986: checking for armv7-apple-darwin-strip
configure:6013: result: strip
configure:6085: checking for armv7-apple-darwin-ranlib
configure:6112: result: /Applications/Xcode.app/Contents/Developer/Platforms/iPhoneOS.platform/Developer/usr/bin/ranlib
configure:6254: checking command to parse nm output from /Applications/Xcode.app/Contents/Developer/Platforms/iPhoneOS.platform/Developer/usr/bin/gcc -std=c99  -arch armv7 -mcpu=cortex-a8 -isysroot /Applications/Xcode.app/Contents/Developer/Platforms/iPhoneOS.platform/Developer/SDKs/iPhoneOS6.1.sdk -miphoneos-version-min=4.0 -DTARGET_OS_IPHONE=1 -D__IOS object
configure:6374: /Applications/Xcode.app/Contents/Developer/Platforms/iPhoneOS.platform/Developer/usr/bin/gcc -std=c99  -arch armv7 -mcpu=cortex-a8 -isysroot /Applications/Xcode.app/Contents/Developer/Platforms/iPhoneOS.platform/Developer/SDKs/iPhoneOS6.1.sdk -miphoneos-version-min=4.0 -DTARGET_OS_IPHONE=1 -D__IOS -c  -Wall -mno-thumb -Dasm=__asm conftest.c >&5
configure:6377: $? = 0
configure:6381: nm conftest.o \| sed -n -e 's/^.*[ ]\([BCDEGRST][BCDEGRST]*\)[ ][ ]*\([_A-Za-z][_A-Za-z0-9]*\)$/\1 \2 \2/p' | sed '/ __gnu_lto/d' \> conftest.nm
configure:6384: $? = 0
cannot find nm_test_var in conftest.nm
configure:6374: /Applications/Xcode.app/Contents/Developer/Platforms/iPhoneOS.platform/Developer/usr/bin/gcc -std=c99  -arch armv7 -mcpu=cortex-a8 -isysroot /Applications/Xcode.app/Contents/Developer/Platforms/iPhoneOS.platform/Developer/SDKs/iPhoneOS6.1.sdk -miphoneos-version-min=4.0 -DTARGET_OS_IPHONE=1 -D__IOS -c  -Wall -mno-thumb -Dasm=__asm conftest.c >&5
configure:6377: $? = 0
configure:6381: nm conftest.o \| sed -n -e 's/^.*[ ]\([BCDEGRST][BCDEGRST]*\)[ ][ ]*_\([_A-Za-z][_A-Za-z0-9]*\)$/\1 _\2 \2/p' | sed '/ __gnu_lto/d' \> conftest.nm
configure:6384: $? = 0
configure:6450: /Applications/Xcode.app/Contents/Developer/Platforms/iPhoneOS.platform/Developer/usr/bin/gcc -std=c99  -arch armv7 -mcpu=cortex-a8 -isysroot /Applications/Xcode.app/Contents/Developer/Platforms/iPhoneOS.platform/Developer/SDKs/iPhoneOS6.1.sdk -miphoneos-version-min=4.0 -DTARGET_OS_IPHONE=1 -D__IOS -o conftest  -Wall -mno-thumb -Dasm=__asm  conftest.c conftstm.o >&5
configure:6453: $? = 0
configure:6491: result: ok
configure:6528: checking for sysroot
configure:6558: result: no
configure:6774: checking for armv7-apple-darwin-mt
configure:6804: result: no
configure:6814: checking for mt
configure:6844: result: no
configure:6864: checking if : is a manifest tool
configure:6870: : '-?'
configure:6878: result: no
configure:6894: checking for armv7-apple-darwin-dsymutil
configure:6924: result: no
configure:6934: checking for dsymutil
configure:6950: found /usr/bin/dsymutil
configure:6961: result: dsymutil
configure:6986: checking for armv7-apple-darwin-nmedit
configure:7016: result: no
configure:7026: checking for nmedit
configure:7042: found /usr/bin/nmedit
configure:7053: result: nmedit
configure:7078: checking for armv7-apple-darwin-lipo
configure:7108: result: no
configure:7118: checking for lipo
configure:7134: found /usr/bin/lipo
configure:7145: result: lipo
configure:7170: checking for armv7-apple-darwin-otool
configure:7200: result: no
configure:7210: checking for otool
configure:7226: found /usr/bin/otool
configure:7237: result: otool
configure:7262: checking for armv7-apple-darwin-otool64
configure:7292: result: no
configure:7302: checking for otool64
configure:7332: result: no
configure:7377: checking for -single_module linker flag
/Applications/Xcode.app/Contents/Developer/Platforms/iPhoneOS.platform/Developer/usr/bin/gcc -std=c99  -arch armv7 -mcpu=cortex-a8 -isysroot /Applications/Xcode.app/Contents/Developer/Platforms/iPhoneOS.platform/Developer/SDKs/iPhoneOS6.1.sdk -miphoneos-version-min=4.0 -DTARGET_OS_IPHONE=1 -D__IOS  -Wall -mno-thumb  -o libconftest.dylib -dynamiclib -Wl,-single_module conftest.c
configure:7410: result: yes
configure:7413: checking for -exported_symbols_list linker flag
configure:7433: /Applications/Xcode.app/Contents/Developer/Platforms/iPhoneOS.platform/Developer/usr/bin/gcc -std=c99  -arch armv7 -mcpu=cortex-a8 -isysroot /Applications/Xcode.app/Contents/Developer/Platforms/iPhoneOS.platform/Developer/SDKs/iPhoneOS6.1.sdk -miphoneos-version-min=4.0 -DTARGET_OS_IPHONE=1 -D__IOS -o conftest  -Wall -mno-thumb -Dasm=__asm  -Wl,-exported_symbols_list,conftest.sym conftest.c  >&5
configure:7433: $? = 0
configure:7443: result: yes
configure:7446: checking for -force_load linker flag
/Applications/Xcode.app/Contents/Developer/Platforms/iPhoneOS.platform/Developer/usr/bin/gcc -std=c99  -arch armv7 -mcpu=cortex-a8 -isysroot /Applications/Xcode.app/Contents/Developer/Platforms/iPhoneOS.platform/Developer/SDKs/iPhoneOS6.1.sdk -miphoneos-version-min=4.0 -DTARGET_OS_IPHONE=1 -D__IOS  -Wall -mno-thumb -c -o conftest.o conftest.c
/Applications/Xcode.app/Contents/Developer/Platforms/iPhoneOS.platform/Developer/usr/bin/ar cru libconftest.a conftest.o
/Applications/Xcode.app/Contents/Developer/Platforms/iPhoneOS.platform/Developer/usr/bin/ranlib libconftest.a
/Applications/Xcode.app/Contents/Developer/Platforms/iPhoneOS.platform/Developer/usr/bin/gcc -std=c99  -arch armv7 -mcpu=cortex-a8 -isysroot /Applications/Xcode.app/Contents/Developer/Platforms/iPhoneOS.platform/Developer/SDKs/iPhoneOS6.1.sdk -miphoneos-version-min=4.0 -DTARGET_OS_IPHONE=1 -D__IOS  -Wall -mno-thumb  -o conftest conftest.c -Wl,-force_load,./libconftest.a
configure:7478: result: yes
configure:7520: checking how to run the C preprocessor
configure:7551: /Applications/Xcode.app/Contents/Developer/Platforms/iPhoneOS.platform/Developer/usr/bin/gcc -std=c99  -arch armv7 -mcpu=cortex-a8 -isysroot /Applications/Xcode.app/Contents/Developer/Platforms/iPhoneOS.platform/Developer/SDKs/iPhoneOS6.1.sdk -miphoneos-version-min=4.0 -DTARGET_OS_IPHONE=1 -D__IOS -E -Dasm=__asm conftest.c
configure:7551: $? = 0
configure:7565: /Applications/Xcode.app/Contents/Developer/Platforms/iPhoneOS.platform/Developer/usr/bin/gcc -std=c99  -arch armv7 -mcpu=cortex-a8 -isysroot /Applications/Xcode.app/Contents/Developer/Platforms/iPhoneOS.platform/Developer/SDKs/iPhoneOS6.1.sdk -miphoneos-version-min=4.0 -DTARGET_OS_IPHONE=1 -D__IOS -E -Dasm=__asm conftest.c
conftest.c:11:28: error: ac_nonexistent.h: No such file or directory
configure:7565: $? = 1
configure: failed program was:
| /* confdefs.h */
| #define PACKAGE_NAME "mssilk"
| #define PACKAGE_TARNAME "mssilk"
| #define PACKAGE_VERSION "1.0.0"
| #define PACKAGE_STRING "mssilk 1.0.0"
| #define PACKAGE_BUGREPORT ""
| #define PACKAGE_URL ""
| #define PACKAGE "mssilk"
| #define VERSION "1.0.0"
| /* end confdefs.h.  */
| #include <ac_nonexistent.h>
configure:7590: result: /Applications/Xcode.app/Contents/Developer/Platforms/iPhoneOS.platform/Developer/usr/bin/gcc -std=c99  -arch armv7 -mcpu=cortex-a8 -isysroot /Applications/Xcode.app/Contents/Developer/Platforms/iPhoneOS.platform/Developer/SDKs/iPhoneOS6.1.sdk -miphoneos-version-min=4.0 -DTARGET_OS_IPHONE=1 -D__IOS -E
configure:7610: /Applications/Xcode.app/Contents/Developer/Platforms/iPhoneOS.platform/Developer/usr/bin/gcc -std=c99  -arch armv7 -mcpu=cortex-a8 -isysroot /Applications/Xcode.app/Contents/Developer/Platforms/iPhoneOS.platform/Developer/SDKs/iPhoneOS6.1.sdk -miphoneos-version-min=4.0 -DTARGET_OS_IPHONE=1 -D__IOS -E -Dasm=__asm conftest.c
configure:7610: $? = 0
configure:7624: /Applications/Xcode.app/Contents/Developer/Platforms/iPhoneOS.platform/Developer/usr/bin/gcc -std=c99  -arch armv7 -mcpu=cortex-a8 -isysroot /Applications/Xcode.app/Contents/Developer/Platforms/iPhoneOS.platform/Developer/SDKs/iPhoneOS6.1.sdk -miphoneos-version-min=4.0 -DTARGET_OS_IPHONE=1 -D__IOS -E -Dasm=__asm conftest.c
conftest.c:11:28: error: ac_nonexistent.h: No such file or directory
configure:7624: $? = 1
configure: failed program was:
| /* confdefs.h */
| #define PACKAGE_NAME "mssilk"
| #define PACKAGE_TARNAME "mssilk"
| #define PACKAGE_VERSION "1.0.0"
| #define PACKAGE_STRING "mssilk 1.0.0"
| #define PACKAGE_BUGREPORT ""
| #define PACKAGE_URL ""
| #define PACKAGE "mssilk"
| #define VERSION "1.0.0"
| /* end confdefs.h.  */
| #include <ac_nonexistent.h>
configure:7653: checking for ANSI C header files
configure:7673: /Applications/Xcode.app/Contents/Developer/Platforms/iPhoneOS.platform/Developer/usr/bin/gcc -std=c99  -arch armv7 -mcpu=cortex-a8 -isysroot /Applications/Xcode.app/Contents/Developer/Platforms/iPhoneOS.platform/Developer/SDKs/iPhoneOS6.1.sdk -miphoneos-version-min=4.0 -DTARGET_OS_IPHONE=1 -D__IOS -c  -Wall -mno-thumb -Dasm=__asm conftest.c >&5
configure:7673: $? = 0
configure:7757: result: yes
configure:7770: checking for sys/types.h
configure:7770: /Applications/Xcode.app/Contents/Developer/Platforms/iPhoneOS.platform/Developer/usr/bin/gcc -std=c99  -arch armv7 -mcpu=cortex-a8 -isysroot /Applications/Xcode.app/Contents/Developer/Platforms/iPhoneOS.platform/Developer/SDKs/iPhoneOS6.1.sdk -miphoneos-version-min=4.0 -DTARGET_OS_IPHONE=1 -D__IOS -c  -Wall -mno-thumb -Dasm=__asm conftest.c >&5
configure:7770: $? = 0
configure:7770: result: yes
configure:7770: checking for sys/stat.h
configure:7770: /Applications/Xcode.app/Contents/Developer/Platforms/iPhoneOS.platform/Developer/usr/bin/gcc -std=c99  -arch armv7 -mcpu=cortex-a8 -isysroot /Applications/Xcode.app/Contents/Developer/Platforms/iPhoneOS.platform/Developer/SDKs/iPhoneOS6.1.sdk -miphoneos-version-min=4.0 -DTARGET_OS_IPHONE=1 -D__IOS -c  -Wall -mno-thumb -Dasm=__asm conftest.c >&5
configure:7770: $? = 0
configure:7770: result: yes
configure:7770: checking for stdlib.h
configure:7770: /Applications/Xcode.app/Contents/Developer/Platforms/iPhoneOS.platform/Developer/usr/bin/gcc -std=c99  -arch armv7 -mcpu=cortex-a8 -isysroot /Applications/Xcode.app/Contents/Developer/Platforms/iPhoneOS.platform/Developer/SDKs/iPhoneOS6.1.sdk -miphoneos-version-min=4.0 -DTARGET_OS_IPHONE=1 -D__IOS -c  -Wall -mno-thumb -Dasm=__asm conftest.c >&5
configure:7770: $? = 0
configure:7770: result: yes
configure:7770: checking for string.h
configure:7770: /Applications/Xcode.app/Contents/Developer/Platforms/iPhoneOS.platform/Developer/usr/bin/gcc -std=c99  -arch armv7 -mcpu=cortex-a8 -isysroot /Applications/Xcode.app/Contents/Developer/Platforms/iPhoneOS.platform/Developer/SDKs/iPhoneOS6.1.sdk -miphoneos-version-min=4.0 -DTARGET_OS_IPHONE=1 -D__IOS -c  -Wall -mno-thumb -Dasm=__asm conftest.c >&5
configure:7770: $? = 0
configure:7770: result: yes
configure:7770: checking for memory.h
configure:7770: /Applications/Xcode.app/Contents/Developer/Platforms/iPhoneOS.platform/Developer/usr/bin/gcc -std=c99  -arch armv7 -mcpu=cortex-a8 -isysroot /Applications/Xcode.app/Contents/Developer/Platforms/iPhoneOS.platform/Developer/SDKs/iPhoneOS6.1.sdk -miphoneos-version-min=4.0 -DTARGET_OS_IPHONE=1 -D__IOS -c  -Wall -mno-thumb -Dasm=__asm conftest.c >&5
configure:7770: $? = 0
configure:7770: result: yes
configure:7770: checking for strings.h
configure:7770: /Applications/Xcode.app/Contents/Developer/Platforms/iPhoneOS.platform/Developer/usr/bin/gcc -std=c99  -arch armv7 -mcpu=cortex-a8 -isysroot /Applications/Xcode.app/Contents/Developer/Platforms/iPhoneOS.platform/Developer/SDKs/iPhoneOS6.1.sdk -miphoneos-version-min=4.0 -DTARGET_OS_IPHONE=1 -D__IOS -c  -Wall -mno-thumb -Dasm=__asm conftest.c >&5
configure:7770: $? = 0
configure:7770: result: yes
configure:7770: checking for inttypes.h
configure:7770: /Applications/Xcode.app/Contents/Developer/Platforms/iPhoneOS.platform/Developer/usr/bin/gcc -std=c99  -arch armv7 -mcpu=cortex-a8 -isysroot /Applications/Xcode.app/Contents/Developer/Platforms/iPhoneOS.platform/Developer/SDKs/iPhoneOS6.1.sdk -miphoneos-version-min=4.0 -DTARGET_OS_IPHONE=1 -D__IOS -c  -Wall -mno-thumb -Dasm=__asm conftest.c >&5
configure:7770: $? = 0
configure:7770: result: yes
configure:7770: checking for stdint.h
configure:7770: /Applications/Xcode.app/Contents/Developer/Platforms/iPhoneOS.platform/Developer/usr/bin/gcc -std=c99  -arch armv7 -mcpu=cortex-a8 -isysroot /Applications/Xcode.app/Contents/Developer/Platforms/iPhoneOS.platform/Developer/SDKs/iPhoneOS6.1.sdk -miphoneos-version-min=4.0 -DTARGET_OS_IPHONE=1 -D__IOS -c  -Wall -mno-thumb -Dasm=__asm conftest.c >&5
configure:7770: $? = 0
configure:7770: result: yes
configure:7770: checking for unistd.h
configure:7770: /Applications/Xcode.app/Contents/Developer/Platforms/iPhoneOS.platform/Developer/usr/bin/gcc -std=c99  -arch armv7 -mcpu=cortex-a8 -isysroot /Applications/Xcode.app/Contents/Developer/Platforms/iPhoneOS.platform/Developer/SDKs/iPhoneOS6.1.sdk -miphoneos-version-min=4.0 -DTARGET_OS_IPHONE=1 -D__IOS -c  -Wall -mno-thumb -Dasm=__asm conftest.c >&5
configure:7770: $? = 0
configure:7770: result: yes
configure:7784: checking for dlfcn.h
configure:7784: /Applications/Xcode.app/Contents/Developer/Platforms/iPhoneOS.platform/Developer/usr/bin/gcc -std=c99  -arch armv7 -mcpu=cortex-a8 -isysroot /Applications/Xcode.app/Contents/Developer/Platforms/iPhoneOS.platform/Developer/SDKs/iPhoneOS6.1.sdk -miphoneos-version-min=4.0 -DTARGET_OS_IPHONE=1 -D__IOS -c  -Wall -mno-thumb -Dasm=__asm conftest.c >&5
configure:7784: $? = 0
configure:7784: result: yes
configure:7989: checking for objdir
configure:8004: result: .libs
configure:8271: checking if /Applications/Xcode.app/Contents/Developer/Platforms/iPhoneOS.platform/Developer/usr/bin/gcc -std=c99  -arch armv7 -mcpu=cortex-a8 -isysroot /Applications/Xcode.app/Contents/Developer/Platforms/iPhoneOS.platform/Developer/SDKs/iPhoneOS6.1.sdk -miphoneos-version-min=4.0 -DTARGET_OS_IPHONE=1 -D__IOS supports -fno-rtti -fno-exceptions
configure:8289: /Applications/Xcode.app/Contents/Developer/Platforms/iPhoneOS.platform/Developer/usr/bin/gcc -std=c99  -arch armv7 -mcpu=cortex-a8 -isysroot /Applications/Xcode.app/Contents/Developer/Platforms/iPhoneOS.platform/Developer/SDKs/iPhoneOS6.1.sdk -miphoneos-version-min=4.0 -DTARGET_OS_IPHONE=1 -D__IOS -c  -Wall -mno-thumb -Dasm=__asm -fno-rtti -fno-exceptions conftest.c >&5
cc1: warning: command line option "-fno-rtti" is valid for C++/ObjC++ but not for C
configure:8293: $? = 0
configure:8306: result: no
configure:8633: checking for /Applications/Xcode.app/Contents/Developer/Platforms/iPhoneOS.platform/Developer/usr/bin/gcc -std=c99  -arch armv7 -mcpu=cortex-a8 -isysroot /Applications/Xcode.app/Contents/Developer/Platforms/iPhoneOS.platform/Developer/SDKs/iPhoneOS6.1.sdk -miphoneos-version-min=4.0 -DTARGET_OS_IPHONE=1 -D__IOS option to produce PIC
configure:8640: result: -fno-common -DPIC
configure:8648: checking if /Applications/Xcode.app/Contents/Developer/Platforms/iPhoneOS.platform/Developer/usr/bin/gcc -std=c99  -arch armv7 -mcpu=cortex-a8 -isysroot /Applications/Xcode.app/Contents/Developer/Platforms/iPhoneOS.platform/Developer/SDKs/iPhoneOS6.1.sdk -miphoneos-version-min=4.0 -DTARGET_OS_IPHONE=1 -D__IOS PIC flag -fno-common -DPIC works
configure:8666: /Applications/Xcode.app/Contents/Developer/Platforms/iPhoneOS.platform/Developer/usr/bin/gcc -std=c99  -arch armv7 -mcpu=cortex-a8 -isysroot /Applications/Xcode.app/Contents/Developer/Platforms/iPhoneOS.platform/Developer/SDKs/iPhoneOS6.1.sdk -miphoneos-version-min=4.0 -DTARGET_OS_IPHONE=1 -D__IOS -c  -Wall -mno-thumb -Dasm=__asm -fno-common -DPIC -DPIC conftest.c >&5
configure:8670: $? = 0
configure:8683: result: yes
configure:8712: checking if /Applications/Xcode.app/Contents/Developer/Platforms/iPhoneOS.platform/Developer/usr/bin/gcc -std=c99  -arch armv7 -mcpu=cortex-a8 -isysroot /Applications/Xcode.app/Contents/Developer/Platforms/iPhoneOS.platform/Developer/SDKs/iPhoneOS6.1.sdk -miphoneos-version-min=4.0 -DTARGET_OS_IPHONE=1 -D__IOS static flag -static works
configure:8740: result: no
configure:8755: checking if /Applications/Xcode.app/Contents/Developer/Platforms/iPhoneOS.platform/Developer/usr/bin/gcc -std=c99  -arch armv7 -mcpu=cortex-a8 -isysroot /Applications/Xcode.app/Contents/Developer/Platforms/iPhoneOS.platform/Developer/SDKs/iPhoneOS6.1.sdk -miphoneos-version-min=4.0 -DTARGET_OS_IPHONE=1 -D__IOS supports -c -o file.o
configure:8776: /Applications/Xcode.app/Contents/Developer/Platforms/iPhoneOS.platform/Developer/usr/bin/gcc -std=c99  -arch armv7 -mcpu=cortex-a8 -isysroot /Applications/Xcode.app/Contents/Developer/Platforms/iPhoneOS.platform/Developer/SDKs/iPhoneOS6.1.sdk -miphoneos-version-min=4.0 -DTARGET_OS_IPHONE=1 -D__IOS -c  -Wall -mno-thumb -Dasm=__asm -o out/conftest2.o conftest.c >&5
configure:8780: $? = 0
configure:8802: result: yes
configure:8810: checking if /Applications/Xcode.app/Contents/Developer/Platforms/iPhoneOS.platform/Developer/usr/bin/gcc -std=c99  -arch armv7 -mcpu=cortex-a8 -isysroot /Applications/Xcode.app/Contents/Developer/Platforms/iPhoneOS.platform/Developer/SDKs/iPhoneOS6.1.sdk -miphoneos-version-min=4.0 -DTARGET_OS_IPHONE=1 -D__IOS supports -c -o file.o
configure:8857: result: yes
configure:8890: checking whether the /Applications/Xcode.app/Contents/Developer/Platforms/iPhoneOS.platform/Developer/usr/bin/gcc -std=c99  -arch armv7 -mcpu=cortex-a8 -isysroot /Applications/Xcode.app/Contents/Developer/Platforms/iPhoneOS.platform/Developer/SDKs/iPhoneOS6.1.sdk -miphoneos-version-min=4.0 -DTARGET_OS_IPHONE=1 -D__IOS linker (/Applications/Xcode.app/Contents/Developer/Platforms/iPhoneOS.platform/Developer/usr/bin/ld -arch armv7) supports shared libraries
configure:10043: result: yes
configure:10283: checking dynamic linker characteristics
configure:11016: result: darwin dyld
configure:11123: checking how to hardcode library paths into programs
configure:11148: result: immediate
configure:11688: checking whether stripping libraries is possible
configure:11702: result: yes
configure:11728: checking if libtool supports shared libraries
configure:11730: result: yes
configure:11733: checking whether to build shared libraries
configure:11754: result: no
configure:11757: checking whether to build static libraries
configure:11761: result: yes
configure:11811: checking for armv7-apple-darwin-pkg-config
configure:11844: result: no
configure:11854: checking for pkg-config
configure:11872: found /opt/local/bin/pkg-config
configure:11884: result: /opt/local/bin/pkg-config
configure:11909: checking pkg-config is at least version 0.9.0
configure:11912: result: yes
configure:11922: checking for MEDIASTREAMER
configure:11929: $PKG_CONFIG --exists --print-errors "mediastreamer >= 2.0.0"
configure:11932: $? = 0
configure:11946: $PKG_CONFIG --exists --print-errors "mediastreamer >= 2.0.0"
configure:11949: $? = 0
configure:12007: result: yes
configure:12014: checking for cosf in -lm
configure:12039: /Applications/Xcode.app/Contents/Developer/Platforms/iPhoneOS.platform/Developer/usr/bin/gcc -std=c99  -arch armv7 -mcpu=cortex-a8 -isysroot /Applications/Xcode.app/Contents/Developer/Platforms/iPhoneOS.platform/Developer/SDKs/iPhoneOS6.1.sdk -miphoneos-version-min=4.0 -DTARGET_OS_IPHONE=1 -D__IOS -o conftest  -Wall -mno-thumb -Dasm=__asm  conftest.c -lm   >&5
conftest.c:30: warning: conflicting types for built-in function 'cosf'
configure:12039: $? = 0
configure:12048: result: yes
configure:12533: checking that generated files are newer than configure
configure:12539: result: done
configure:12566: creating ./config.status

## ---------------------- ##
## Running config.status. ##
## ---------------------- ##

This file was extended by mssilk config.status 1.0.0, which was
generated by GNU Autoconf 2.69.  Invocation command line was

  CONFIG_FILES    = 
  CONFIG_HEADERS  = 
  CONFIG_LINKS    = 
  CONFIG_COMMANDS = 
  $ ./config.status 

on vkxs-Mac-mini.local

config.status:1029: creating Makefile
config.status:1029: creating sdk/Makefile
config.status:1029: creating mssilk.iss
config.status:1186: executing depfiles commands
config.status:1186: executing libtool commands
config.status:1186: executing libtool-hacking commands

## ---------------- ##
## Cache variables. ##
## ---------------- ##

ac_cv_build=x86_64-apple-darwin12.4.0
ac_cv_c_compiler_gnu=yes
ac_cv_env_CC_set=
ac_cv_env_CC_value=
ac_cv_env_CFLAGS_set=
ac_cv_env_CFLAGS_value=
ac_cv_env_CPPFLAGS_set=
ac_cv_env_CPPFLAGS_value=
ac_cv_env_CPP_set=
ac_cv_env_CPP_value=
ac_cv_env_LDFLAGS_set=
ac_cv_env_LDFLAGS_value=
ac_cv_env_LIBS_set=
ac_cv_env_LIBS_value=
ac_cv_env_MEDIASTREAMER_CFLAGS_set=
ac_cv_env_MEDIASTREAMER_CFLAGS_value=
ac_cv_env_MEDIASTREAMER_LIBS_set=
ac_cv_env_MEDIASTREAMER_LIBS_value=
ac_cv_env_PKG_CONFIG_LIBDIR_set=set
ac_cv_env_PKG_CONFIG_LIBDIR_value=/Users/huyheo/Documents/Linphone/linphone-iphone/submodules/build/..//../liblinphone-sdk/armv7-apple-darwin/lib/pkgconfig
ac_cv_env_PKG_CONFIG_PATH_set=
ac_cv_env_PKG_CONFIG_PATH_value=
ac_cv_env_PKG_CONFIG_set=
ac_cv_env_PKG_CONFIG_value=
ac_cv_env_build_alias_set=
ac_cv_env_build_alias_value=
ac_cv_env_host_alias_set=set
ac_cv_env_host_alias_value=armv7-apple-darwin
ac_cv_env_target_alias_set=
ac_cv_env_target_alias_value=
ac_cv_header_dlfcn_h=yes
ac_cv_header_inttypes_h=yes
ac_cv_header_memory_h=yes
ac_cv_header_stdc=yes
ac_cv_header_stdint_h=yes
ac_cv_header_stdlib_h=yes
ac_cv_header_string_h=yes
ac_cv_header_strings_h=yes
ac_cv_header_sys_stat_h=yes
ac_cv_header_sys_types_h=yes
ac_cv_header_unistd_h=yes
ac_cv_host=armv7-apple-darwin
ac_cv_lib_m_cosf=yes
ac_cv_objext=o
ac_cv_path_EGREP='/opt/local/bin/grep -E'
ac_cv_path_FGREP='/opt/local/bin/grep -F'
ac_cv_path_GREP=/opt/local/bin/grep
ac_cv_path_MD5SUM=/opt/local/bin/openssl
ac_cv_path_PATCH=/usr/bin/patch
ac_cv_path_SED=/usr/bin/sed
ac_cv_path_UNZIP=/usr/bin/unzip
ac_cv_path_WGET=/opt/local/bin/wget
ac_cv_path_ac_pt_PKG_CONFIG=/opt/local/bin/pkg-config
ac_cv_path_install='/opt/local/bin/ginstall -c'
ac_cv_path_mkdir=/opt/local/bin/gmkdir
ac_cv_prog_AR=/Applications/Xcode.app/Contents/Developer/Platforms/iPhoneOS.platform/Developer/usr/bin/ar
ac_cv_prog_AWK=awk
ac_cv_prog_CC='/Applications/Xcode.app/Contents/Developer/Platforms/iPhoneOS.platform/Developer/usr/bin/gcc -std=c99  -arch armv7 -mcpu=cortex-a8 -isysroot /Applications/Xcode.app/Contents/Developer/Platforms/iPhoneOS.platform/Developer/SDKs/iPhoneOS6.1.sdk -miphoneos-version-min=4.0 -DTARGET_OS_IPHONE=1 -D__IOS'
ac_cv_prog_CPP='/Applications/Xcode.app/Contents/Developer/Platforms/iPhoneOS.platform/Developer/usr/bin/gcc -std=c99  -arch armv7 -mcpu=cortex-a8 -isysroot /Applications/Xcode.app/Contents/Developer/Platforms/iPhoneOS.platform/Developer/SDKs/iPhoneOS6.1.sdk -miphoneos-version-min=4.0 -DTARGET_OS_IPHONE=1 -D__IOS -E'
ac_cv_prog_RANLIB=/Applications/Xcode.app/Contents/Developer/Platforms/iPhoneOS.platform/Developer/usr/bin/ranlib
ac_cv_prog_STRIP=strip
ac_cv_prog_ac_ct_DSYMUTIL=dsymutil
ac_cv_prog_ac_ct_DUMPBIN='link -dump'
ac_cv_prog_ac_ct_LIPO=lipo
ac_cv_prog_ac_ct_NMEDIT=nmedit
ac_cv_prog_ac_ct_OTOOL=otool
ac_cv_prog_ac_ct_STRIP=strip
ac_cv_prog_cc_c89=
ac_cv_prog_cc_g=yes
ac_cv_prog_make_make_set=yes
ac_cv_target=armv7-apple-darwin
am_cv_CC_dependencies_compiler_type=gcc3
am_cv_make_support_nested_variables=yes
am_cv_prog_cc_c_o=yes
am_cv_prog_tar_ustar=gnutar
lt_cv_apple_cc_single_mod=yes
lt_cv_ar_at_file=no
lt_cv_deplibs_check_method=pass_all
lt_cv_file_magic_cmd='$MAGIC_CMD'
lt_cv_file_magic_test_file=
lt_cv_ld_exported_symbols_list=yes
lt_cv_ld_force_load=yes
lt_cv_ld_reload_flag=-r
lt_cv_nm_interface='BSD nm'
lt_cv_objdir=.libs
lt_cv_path_LD='/Applications/Xcode.app/Contents/Developer/Platforms/iPhoneOS.platform/Developer/usr/bin/ld -arch armv7'
lt_cv_path_NM=no
lt_cv_path_mainfest_tool=no
lt_cv_prog_compiler_c_o=yes
lt_cv_prog_compiler_pic='-fno-common -DPIC'
lt_cv_prog_compiler_pic_works=yes
lt_cv_prog_compiler_rtti_exceptions=no
lt_cv_prog_compiler_static_works=no
lt_cv_prog_gnu_ld=no
lt_cv_sharedlib_from_linklib_cmd='printf %s\n'
lt_cv_sys_global_symbol_pipe='sed -n -e '\''s/^.*[	 ]\([BCDEGRST][BCDEGRST]*\)[	 ][	 ]*_\([_A-Za-z][_A-Za-z0-9]*\)$/\1 _\2 \2/p'\'' | sed '\''/ __gnu_lto/d'\'''
lt_cv_sys_global_symbol_to_c_name_address='sed -n -e '\''s/^: \([^ ]*\)[ ]*$/  {\"\1\", (void *) 0},/p'\'' -e '\''s/^[BCDEGRST]* \([^ ]*\) \([^ ]*\)$/  {"\2", (void *) \&\2},/p'\'''
lt_cv_sys_global_symbol_to_c_name_address_lib_prefix='sed -n -e '\''s/^: \([^ ]*\)[ ]*$/  {\"\1\", (void *) 0},/p'\'' -e '\''s/^[BCDEGRST]* \([^ ]*\) \(lib[^ ]*\)$/  {"\2", (void *) \&\2},/p'\'' -e '\''s/^[BCDEGRST]* \([^ ]*\) \([^ ]*\)$/  {"lib\2", (void *) \&\2},/p'\'''
lt_cv_sys_global_symbol_to_cdecl='sed -n -e '\''s/^T .* \(.*\)$/extern int \1();/p'\'' -e '\''s/^[BCDEGRST]* .* \(.*\)$/extern char \1;/p'\'''
lt_cv_sys_max_cmd_len=196608
lt_cv_to_host_file_cmd=func_convert_file_noop
lt_cv_to_tool_file_cmd=func_convert_file_noop
pkg_cv_MEDIASTREAMER_CFLAGS='-DMS_FIXED_POINT -D_REENTRANT -DORTP_INET6 -I/Users/huyheo/Documents/Linphone/linphone-iphone/submodules/build/..//../liblinphone-sdk/armv7-apple-darwin/include -I/Users/huyheo/Documents/Linphone/linphone-iphone/submodules/build/..//../liblinphone-sdk/armv7-apple-darwin/include/srtp '
pkg_cv_MEDIASTREAMER_LIBS='-L/Users/huyheo/Documents/Linphone/linphone-iphone/submodules/build/..//../liblinphone-sdk/armv7-apple-darwin/lib -lmediastreamer_base -lmediastreamer_voip -lortp -lpthread -lsrtp '

## ----------------- ##
## Output variables. ##
## ----------------- ##

ACLOCAL='${SHELL} /Users/huyheo/Documents/Linphone/linphone-iphone/submodules/mssilk/build-aux/missing aclocal-1.14'
AMDEPBACKSLASH='\'
AMDEP_FALSE='#'
AMDEP_TRUE=''
AMTAR='$${TAR-tar}'
AM_BACKSLASH='\'
AM_DEFAULT_V='$(AM_DEFAULT_VERBOSITY)'
AM_DEFAULT_VERBOSITY='1'
AM_V='$(V)'
AR='/Applications/Xcode.app/Contents/Developer/Platforms/iPhoneOS.platform/Developer/usr/bin/ar'
AS='as'
AUTOCONF='${SHELL} /Users/huyheo/Documents/Linphone/linphone-iphone/submodules/mssilk/build-aux/missing autoconf'
AUTOHEADER='${SHELL} /Users/huyheo/Documents/Linphone/linphone-iphone/submodules/mssilk/build-aux/missing autoheader'
AUTOMAKE='${SHELL} /Users/huyheo/Documents/Linphone/linphone-iphone/submodules/mssilk/build-aux/missing automake-1.14'
AWK='awk'
BUILD_WIN32_FALSE=''
BUILD_WIN32_TRUE='#'
CC='/Applications/Xcode.app/Contents/Developer/Platforms/iPhoneOS.platform/Developer/usr/bin/gcc -std=c99  -arch armv7 -mcpu=cortex-a8 -isysroot /Applications/Xcode.app/Contents/Developer/Platforms/iPhoneOS.platform/Developer/SDKs/iPhoneOS6.1.sdk -miphoneos-version-min=4.0 -DTARGET_OS_IPHONE=1 -D__IOS'
CCDEPMODE='depmode=gcc3'
CFLAGS=' -Wall -mno-thumb'
CPP='/Applications/Xcode.app/Contents/Developer/Platforms/iPhoneOS.platform/Developer/usr/bin/gcc -std=c99  -arch armv7 -mcpu=cortex-a8 -isysroot /Applications/Xcode.app/Contents/Developer/Platforms/iPhoneOS.platform/Developer/SDKs/iPhoneOS6.1.sdk -miphoneos-version-min=4.0 -DTARGET_OS_IPHONE=1 -D__IOS -E'
CPPFLAGS='-Dasm=__asm'
CYGPATH_W='echo'
DEFS='-DPACKAGE_NAME=\"mssilk\" -DPACKAGE_TARNAME=\"mssilk\" -DPACKAGE_VERSION=\"1.0.0\" -DPACKAGE_STRING=\"mssilk\ 1.0.0\" -DPACKAGE_BUGREPORT=\"\" -DPACKAGE_URL=\"\" -DPACKAGE=\"mssilk\" -DVERSION=\"1.0.0\" -DSTDC_HEADERS=1 -DHAVE_SYS_TYPES_H=1 -DHAVE_SYS_STAT_H=1 -DHAVE_STDLIB_H=1 -DHAVE_STRING_H=1 -DHAVE_MEMORY_H=1 -DHAVE_STRINGS_H=1 -DHAVE_INTTYPES_H=1 -DHAVE_STDINT_H=1 -DHAVE_UNISTD_H=1 -DHAVE_DLFCN_H=1 -DLT_OBJDIR=\".libs/\" -DHAVE_LIBM=1'
DEPDIR='.deps'
DLLTOOL='false'
DSYMUTIL='dsymutil'
DUMPBIN=':'
ECHO_C='\c'
ECHO_N=''
ECHO_T=''
EGREP='/opt/local/bin/grep -E'
EXEEXT=''
FGREP='/opt/local/bin/grep -F'
GREP='/opt/local/bin/grep'
INSTALL_DATA='${INSTALL} -m 644'
INSTALL_PROGRAM='${INSTALL}'
INSTALL_SCRIPT='${INSTALL}'
INSTALL_STRIP_PROGRAM='$(install_sh) -c -s'
LD='/Applications/Xcode.app/Contents/Developer/Platforms/iPhoneOS.platform/Developer/usr/bin/ld -arch armv7'
LDFLAGS=''
LIBOBJS=''
LIBS='-lm '
LIBTOOL='$(SHELL) $(top_builddir)/libtool'
LIPO='lipo'
LN_S='ln -s'
LTLIBOBJS=''
MAKEINFO='${SHELL} /Users/huyheo/Documents/Linphone/linphone-iphone/submodules/mssilk/build-aux/missing makeinfo'
MANIFEST_TOOL=':'
MD5SUM='/opt/local/bin/openssl md5'
MEDIASTREAMER_CFLAGS='-DMS_FIXED_POINT -D_REENTRANT -DORTP_INET6 -I/Users/huyheo/Documents/Linphone/linphone-iphone/submodules/build/..//../liblinphone-sdk/armv7-apple-darwin/include -I/Users/huyheo/Documents/Linphone/linphone-iphone/submodules/build/..//../liblinphone-sdk/armv7-apple-darwin/include/srtp '
MEDIASTREAMER_LIBS='-L/Users/huyheo/Documents/Linphone/linphone-iphone/submodules/build/..//../liblinphone-sdk/armv7-apple-darwin/lib -lmediastreamer_base -lmediastreamer_voip -lortp -lpthread -lsrtp '
MKDIR_P='/opt/local/bin/gmkdir -p'
NM='nm'
NMEDIT='nmedit'
OBJDUMP='false'
OBJEXT='o'
OTOOL64=':'
OTOOL='otool'
PACKAGE='mssilk'
PACKAGE_BUGREPORT=''
PACKAGE_NAME='mssilk'
PACKAGE_STRING='mssilk 1.0.0'
PACKAGE_TARNAME='mssilk'
PACKAGE_URL=''
PACKAGE_VERSION='1.0.0'
PATCH='/usr/bin/patch'
PATH_SEPARATOR=':'
PKG_CONFIG='/opt/local/bin/pkg-config'
PKG_CONFIG_LIBDIR='/Users/huyheo/Documents/Linphone/linphone-iphone/submodules/build/..//../liblinphone-sdk/armv7-apple-darwin/lib/pkgconfig'
PKG_CONFIG_PATH=''
RANLIB='/Applications/Xcode.app/Contents/Developer/Platforms/iPhoneOS.platform/Developer/usr/bin/ranlib'
SED='/usr/bin/sed'
SET_MAKE=''
SHELL='/bin/sh'
SILK_FLAVOUR='ARM'
SILK_MAKE_OPTIONS='USE_NEON=yes ADDED_DEFINES+=IPHONE TOOLCHAIN_PREFIX=XXXX'
STRICT_CFLAGS='-Werror'
STRIP='strip'
UNZIP='/usr/bin/unzip'
VERSION='1.0.0'
WGET='/opt/local/bin/wget'
ac_ct_AR=''
ac_ct_CC=''
ac_ct_DUMPBIN='link -dump'
am__EXEEXT_FALSE=''
am__EXEEXT_TRUE='#'
am__fastdepCC_FALSE='#'
am__fastdepCC_TRUE=''
am__include='include'
am__isrc=' -I$(srcdir)'
am__leading_dot='.'
am__nodep='_no'
am__quote=''
am__tar='tar --format=ustar -chf - "$$tardir"'
am__untar='tar -xf -'
bindir='${exec_prefix}/bin'
build='x86_64-apple-darwin12.4.0'
build_alias=''
build_cpu='x86_64'
build_os='darwin12.4.0'
build_vendor='apple'
datadir='${datarootdir}'
datarootdir='${prefix}/share'
docdir='${datarootdir}/doc/${PACKAGE_TARNAME}'
dvidir='${docdir}'
exec_prefix='${prefix}'
host='armv7-apple-darwin'
host_alias='armv7-apple-darwin'
host_cpu='armv7'
host_os='darwin'
host_vendor='apple'
htmldir='${docdir}'
includedir='${prefix}/include'
infodir='${datarootdir}/info'
install_sh='${SHELL} /Users/huyheo/Documents/Linphone/linphone-iphone/submodules/mssilk/build-aux/install-sh'
libdir='${exec_prefix}/lib'
libexecdir='${exec_prefix}/libexec'
localedir='${datarootdir}/locale'
localstatedir='${prefix}/var'
mandir='${datarootdir}/man'
mkdir_p='$(MKDIR_P)'
oldincludedir='/usr/include'
pdfdir='${docdir}'
prefix='/Users/huyheo/Documents/Linphone/linphone-iphone/submodules/build/..//../liblinphone-sdk/armv7-apple-darwin'
program_transform_name='s,x,x,'
psdir='${docdir}'
sbindir='${exec_prefix}/sbin'
sharedstatedir='${prefix}/com'
sysconfdir='${prefix}/etc'
target='armv7-apple-darwin'
target_alias=''
target_cpu='armv7'
target_os='darwin'
target_vendor='apple'

## ----------- ##
## confdefs.h. ##
## ----------- ##

/* confdefs.h */
#define PACKAGE_NAME "mssilk"
#define PACKAGE_TARNAME "mssilk"
#define PACKAGE_VERSION "1.0.0"
#define PACKAGE_STRING "mssilk 1.0.0"
#define PACKAGE_BUGREPORT ""
#define PACKAGE_URL ""
#define PACKAGE "mssilk"
#define VERSION "1.0.0"
#define STDC_HEADERS 1
#define HAVE_SYS_TYPES_H 1
#define HAVE_SYS_STAT_H 1
#define HAVE_STDLIB_H 1
#define HAVE_STRING_H 1
#define HAVE_MEMORY_H 1
#define HAVE_STRINGS_H 1
#define HAVE_INTTYPES_H 1
#define HAVE_STDINT_H 1
#define HAVE_UNISTD_H 1
#define HAVE_DLFCN_H 1
#define LT_OBJDIR ".libs/"
#define HAVE_LIBM 1

configure: exit 0
