This file contains any messages produced by compilers while
running configure, to aid debugging if configure makes a mistake.

It was created by belle-sip configure 1.0.0, which was
generated by GNU Autoconf 2.69.  Invocation command line was

  $ /Users/huyheo/Documents/Linphone/linphone-iphone/submodules/build/..//belle-sip/configure --prefix=/Users/huyheo/Documents/Linphone/linphone-iphone/submodules/build/..//../liblinphone-sdk/i386-apple-darwin --host=i386-apple-darwin --disable-shared --enable-static --enable-tls --with-polarssl=/Users/huyheo/Documents/Linphone/linphone-iphone/submodules/build/..//../liblinphone-sdk/i386-apple-darwin

## --------- ##
## Platform. ##
## --------- ##

hostname = vkxs-Mac-mini.local
uname -m = x86_64
uname -r = 12.4.0
uname -s = Darwin
uname -v = Darwin Kernel Version 12.4.0: Wed May  1 17:57:12 PDT 2013; root:xnu-2050.24.15~1/RELEASE_X86_64

/usr/bin/uname -p = i386
/bin/uname -X     = unknown

/bin/arch              = unknown
/usr/bin/arch -k       = unknown
/usr/convex/getsysinfo = unknown
/usr/bin/hostinfo      = Mach kernel version:
	 Darwin Kernel Version 12.4.0: Wed May  1 17:57:12 PDT 2013; root:xnu-2050.24.15~1/RELEASE_X86_64
Kernel configured for up to 4 processors.
2 processors are physically available.
4 processors are logically available.
Processor type: i486 (Intel 80486)
Processors active: 0 1 2 3
Primary memory available: 4.00 gigabytes
Default processor set: 150 tasks, 669 threads, 4 processors
Load average: 1.39, Mach factor: 2.60
/bin/machine           = unknown
/usr/bin/oslevel       = unknown
/bin/universe          = unknown

PATH: /opt/local/bin
PATH: /opt/local/sbin
PATH: /opt/local/bin
PATH: /opt/local/sbin
PATH: /usr/bin
PATH: /bin
PATH: /usr/sbin
PATH: /sbin
PATH: /usr/local/bin
PATH: /opt/X11/bin


## ----------- ##
## Core tests. ##
## ----------- ##

configure:2346: loading site script /Users/huyheo/Documents/Linphone/linphone-iphone/submodules/build/..//build/iphone-config.site
| # -*- shell-script -*-
| 
| SDK_VERSION_MAJOR=4
| SDK_VERSION=4.0
| MCPU=""
| if test "${host_alias}" = "i386-apple-darwin" ; then 
| 	PLATFORM=Simulator
| 	ARCH=i386
| 	CMAKE_OPTS="-DCMAKE_SYSTEM_PROCESSOR=i386"
| 	MCPU=""
| elif test "${host_alias}" = "armv6-apple-darwin" ; then 
| 	ARCH=armv6
| 	PLATFORM=OS
| 	CMAKE_OPTS="-DCMAKE_SYSTEM_PROCESSOR=arm"
| 	MCPU="-mcpu=arm1176jzf-s"
| elif test "${host_alias}" = "armv7-apple-darwin" ; then 
| 	ARCH=armv7
| 	PLATFORM=OS
| 	CMAKE_OPTS="-DCMAKE_SYSTEM_PROCESSOR=arm"
| 	MCPU="-mcpu=cortex-a8"
| elif test "${host_alias}" = "armv7s-apple-darwin" ; then 
| 	ARCH=armv7s
| 	PLATFORM=OS
| 	CMAKE_OPTS="-DCMAKE_SYSTEM_PROCESSOR=arm"
| else 
| 	echo "bad host ${host_alias} must be either i386-apple-darwin or armv6-apple-darwin"
| 	exit
| fi
| echo "Loading config.site for iPhone platform=${PLATFORM} version=${SDK_VERSION}"
| XCODE_DEV_PATH=`xcode-select -print-path`
| #new path with Xcode 4.3:
| if test -d ${XCODE_DEV_PATH}/Platforms/iPhone${PLATFORM}.platform/Developer/SDKs ; then
| 	SDK_PATH_LIST=`ls -drt ${XCODE_DEV_PATH}/Platforms/iPhone${PLATFORM}.platform/Developer/SDKs/iPhone${PLATFORM}*`
| 	SDK_BIN_PATH=${XCODE_DEV_PATH}/Platforms/iPhone${PLATFORM}.platform/Developer/usr/bin  
| else
| 	SDK_PATH_LIST=`ls -drt /Developer/Platforms/iPhone${PLATFORM}.platform/Developer/SDKs/iPhone${PLATFORM}*`
| 	SDK_BIN_PATH=/Developer/Platforms/iPhone${PLATFORM}.platform/Developer/usr/bin  
| fi
|    
| for SYSROOT_PATH in $SDK_PATH_LIST ; do echo $SYSROOT_PATH ; done ;
| echo "Selecting SDK path = ${SYSROOT_PATH}"
| COMMON_FLAGS=" -arch ${ARCH} ${MCPU} -isysroot ${SYSROOT_PATH} -miphoneos-version-min=${SDK_VERSION} -DTARGET_OS_IPHONE=1 -D__IOS -fms-extensions"
| CC="xcrun clang -std=c99 $COMMON_FLAGS"
| OBJC="xcrun clang -std=c99 $COMMON_FLAGS"
| CXX="xcrun clang++ $COMMON_FLAGS"
| LD="xcrun ld -arch ${ARCH}"
| AR="xcrun ar"
| RANLIB="xcrun ranlib"
| 
| CPPFLAGS="-Dasm=__asm"
| OBJCFLAGS="-x objective-c -fexceptions -gdwarf-2 -fobjc-abi-version=2 -fobjc-legacy-dispatch"
| #Force install script to use -C so that header files don't get re-written if not changed.
| INSTALL_DATA="ginstall -C"
| 
| 
configure:2480: checking build system type
configure:2494: result: x86_64-apple-darwin12.4.0
configure:2514: checking host system type
configure:2527: result: i386-apple-darwin
configure:2547: checking target system type
configure:2560: result: i386-apple-darwin
configure:2601: checking for i386-apple-darwin-pkg-config
configure:2634: result: no
configure:2644: checking for pkg-config
configure:2662: found /opt/local/bin/pkg-config
configure:2674: result: /opt/local/bin/pkg-config
configure:2699: checking pkg-config is at least version 0.9.0
configure:2702: result: yes
configure:2731: checking for a BSD-compatible install
configure:2799: result: /opt/local/bin/ginstall -c
configure:2810: checking whether build environment is sane
configure:2865: result: yes
configure:2924: checking for i386-apple-darwin-strip
configure:2954: result: no
configure:2964: checking for strip
configure:2980: found /usr/bin/strip
configure:2991: result: strip
configure:3016: checking for a thread-safe mkdir -p
configure:3055: result: /opt/local/bin/gmkdir -p
configure:3062: checking for gawk
configure:3092: result: no
configure:3062: checking for mawk
configure:3092: result: no
configure:3062: checking for nawk
configure:3092: result: no
configure:3062: checking for awk
configure:3078: found /usr/bin/awk
configure:3089: result: awk
configure:3100: checking whether make sets $(MAKE)
configure:3122: result: yes
configure:3151: checking whether make supports nested variables
configure:3168: result: yes
configure:3304: checking whether make supports nested variables
configure:3321: result: yes
configure:3342: checking for i386-apple-darwin-gcc
configure:3369: result: xcrun clang -std=c99  -arch i386  -isysroot /Applications/Xcode.app/Contents/Developer/Platforms/iPhoneSimulator.platform/Developer/SDKs/iPhoneSimulator6.1.sdk -miphoneos-version-min=4.0 -DTARGET_OS_IPHONE=1 -D__IOS -fms-extensions
configure:3638: checking for C compiler version
configure:3647: xcrun clang -std=c99  -arch i386  -isysroot /Applications/Xcode.app/Contents/Developer/Platforms/iPhoneSimulator.platform/Developer/SDKs/iPhoneSimulator6.1.sdk -miphoneos-version-min=4.0 -DTARGET_OS_IPHONE=1 -D__IOS -fms-extensions --version >&5
Apple LLVM version 4.2 (clang-425.0.28) (based on LLVM 3.2svn)
Target: i386-apple-darwin12.4.0
Thread model: posix
configure:3658: $? = 0
configure:3647: xcrun clang -std=c99  -arch i386  -isysroot /Applications/Xcode.app/Contents/Developer/Platforms/iPhoneSimulator.platform/Developer/SDKs/iPhoneSimulator6.1.sdk -miphoneos-version-min=4.0 -DTARGET_OS_IPHONE=1 -D__IOS -fms-extensions -v >&5
Apple LLVM version 4.2 (clang-425.0.28) (based on LLVM 3.2svn)
Target: i386-apple-darwin12.4.0
Thread model: posix
clang: warning: argument unused during compilation: '-std=c99'
clang: warning: argument unused during compilation: '-isysroot /Applications/Xcode.app/Contents/Developer/Platforms/iPhoneSimulator.platform/Developer/SDKs/iPhoneSimulator6.1.sdk'
clang: warning: argument unused during compilation: '-miphoneos-version-min=4.0'
clang: warning: argument unused during compilation: '-D TARGET_OS_IPHONE=1'
clang: warning: argument unused during compilation: '-D __IOS'
clang: warning: argument unused during compilation: '-fms-extensions'
configure:3658: $? = 0
configure:3647: xcrun clang -std=c99  -arch i386  -isysroot /Applications/Xcode.app/Contents/Developer/Platforms/iPhoneSimulator.platform/Developer/SDKs/iPhoneSimulator6.1.sdk -miphoneos-version-min=4.0 -DTARGET_OS_IPHONE=1 -D__IOS -fms-extensions -V >&5
clang: error: argument to '-V' is missing (expected 1 value)
clang: error: no input files
configure:3658: $? = 1
configure:3647: xcrun clang -std=c99  -arch i386  -isysroot /Applications/Xcode.app/Contents/Developer/Platforms/iPhoneSimulator.platform/Developer/SDKs/iPhoneSimulator6.1.sdk -miphoneos-version-min=4.0 -DTARGET_OS_IPHONE=1 -D__IOS -fms-extensions -qversion >&5
clang: error: no input files
configure:3658: $? = 1
configure:3678: checking whether the C compiler works
configure:3700: xcrun clang -std=c99  -arch i386  -isysroot /Applications/Xcode.app/Contents/Developer/Platforms/iPhoneSimulator.platform/Developer/SDKs/iPhoneSimulator6.1.sdk -miphoneos-version-min=4.0 -DTARGET_OS_IPHONE=1 -D__IOS -fms-extensions  -Dasm=__asm  conftest.c  >&5
configure:3704: $? = 0
configure:3752: result: yes
configure:3755: checking for C compiler default output file name
configure:3757: result: a.out
configure:3763: checking for suffix of executables
configure:3770: xcrun clang -std=c99  -arch i386  -isysroot /Applications/Xcode.app/Contents/Developer/Platforms/iPhoneSimulator.platform/Developer/SDKs/iPhoneSimulator6.1.sdk -miphoneos-version-min=4.0 -DTARGET_OS_IPHONE=1 -D__IOS -fms-extensions -o conftest  -Dasm=__asm  conftest.c  >&5
configure:3774: $? = 0
configure:3796: result: 
configure:3818: checking whether we are cross compiling
configure:3826: xcrun clang -std=c99  -arch i386  -isysroot /Applications/Xcode.app/Contents/Developer/Platforms/iPhoneSimulator.platform/Developer/SDKs/iPhoneSimulator6.1.sdk -miphoneos-version-min=4.0 -DTARGET_OS_IPHONE=1 -D__IOS -fms-extensions -o conftest  -Dasm=__asm  conftest.c  >&5
configure:3830: $? = 0
configure:3837: ./conftest
configure:3841: $? = 0
configure:3856: result: no
configure:3861: checking for suffix of object files
configure:3883: xcrun clang -std=c99  -arch i386  -isysroot /Applications/Xcode.app/Contents/Developer/Platforms/iPhoneSimulator.platform/Developer/SDKs/iPhoneSimulator6.1.sdk -miphoneos-version-min=4.0 -DTARGET_OS_IPHONE=1 -D__IOS -fms-extensions -c  -Dasm=__asm conftest.c >&5
configure:3887: $? = 0
configure:3908: result: o
configure:3912: checking whether we are using the GNU C compiler
configure:3931: xcrun clang -std=c99  -arch i386  -isysroot /Applications/Xcode.app/Contents/Developer/Platforms/iPhoneSimulator.platform/Developer/SDKs/iPhoneSimulator6.1.sdk -miphoneos-version-min=4.0 -DTARGET_OS_IPHONE=1 -D__IOS -fms-extensions -c  -Dasm=__asm conftest.c >&5
configure:3931: $? = 0
configure:3940: result: yes
configure:3949: checking whether xcrun clang -std=c99  -arch i386  -isysroot /Applications/Xcode.app/Contents/Developer/Platforms/iPhoneSimulator.platform/Developer/SDKs/iPhoneSimulator6.1.sdk -miphoneos-version-min=4.0 -DTARGET_OS_IPHONE=1 -D__IOS -fms-extensions accepts -g
configure:3969: xcrun clang -std=c99  -arch i386  -isysroot /Applications/Xcode.app/Contents/Developer/Platforms/iPhoneSimulator.platform/Developer/SDKs/iPhoneSimulator6.1.sdk -miphoneos-version-min=4.0 -DTARGET_OS_IPHONE=1 -D__IOS -fms-extensions -c -g -Dasm=__asm conftest.c >&5
configure:3969: $? = 0
configure:4010: result: yes
configure:4027: checking for xcrun clang -std=c99  -arch i386  -isysroot /Applications/Xcode.app/Contents/Developer/Platforms/iPhoneSimulator.platform/Developer/SDKs/iPhoneSimulator6.1.sdk -miphoneos-version-min=4.0 -DTARGET_OS_IPHONE=1 -D__IOS -fms-extensions option to accept ISO C89
configure:4090: xcrun clang -std=c99  -arch i386  -isysroot /Applications/Xcode.app/Contents/Developer/Platforms/iPhoneSimulator.platform/Developer/SDKs/iPhoneSimulator6.1.sdk -miphoneos-version-min=4.0 -DTARGET_OS_IPHONE=1 -D__IOS -fms-extensions  -c -g -O2 -Dasm=__asm conftest.c >&5
configure:4090: $? = 0
configure:4103: result: none needed
configure:4128: checking whether xcrun clang -std=c99  -arch i386  -isysroot /Applications/Xcode.app/Contents/Developer/Platforms/iPhoneSimulator.platform/Developer/SDKs/iPhoneSimulator6.1.sdk -miphoneos-version-min=4.0 -DTARGET_OS_IPHONE=1 -D__IOS -fms-extensions understands -c and -o together
configure:4150: xcrun clang -std=c99  -arch i386  -isysroot /Applications/Xcode.app/Contents/Developer/Platforms/iPhoneSimulator.platform/Developer/SDKs/iPhoneSimulator6.1.sdk -miphoneos-version-min=4.0 -DTARGET_OS_IPHONE=1 -D__IOS -fms-extensions -c conftest.c -o conftest2.o
configure:4153: $? = 0
configure:4150: xcrun clang -std=c99  -arch i386  -isysroot /Applications/Xcode.app/Contents/Developer/Platforms/iPhoneSimulator.platform/Developer/SDKs/iPhoneSimulator6.1.sdk -miphoneos-version-min=4.0 -DTARGET_OS_IPHONE=1 -D__IOS -fms-extensions -c conftest.c -o conftest2.o
configure:4153: $? = 0
configure:4165: result: yes
configure:4193: checking for style of include used by make
configure:4221: result: GNU
configure:4247: checking dependency style of xcrun clang -std=c99  -arch i386  -isysroot /Applications/Xcode.app/Contents/Developer/Platforms/iPhoneSimulator.platform/Developer/SDKs/iPhoneSimulator6.1.sdk -miphoneos-version-min=4.0 -DTARGET_OS_IPHONE=1 -D__IOS -fms-extensions
configure:4358: result: gcc3
configure:4485: checking for C++ compiler version
configure:4494: xcrun clang++  -arch i386  -isysroot /Applications/Xcode.app/Contents/Developer/Platforms/iPhoneSimulator.platform/Developer/SDKs/iPhoneSimulator6.1.sdk -miphoneos-version-min=4.0 -DTARGET_OS_IPHONE=1 -D__IOS -fms-extensions --version >&5
Apple LLVM version 4.2 (clang-425.0.28) (based on LLVM 3.2svn)
Target: i386-apple-darwin12.4.0
Thread model: posix
configure:4505: $? = 0
configure:4494: xcrun clang++  -arch i386  -isysroot /Applications/Xcode.app/Contents/Developer/Platforms/iPhoneSimulator.platform/Developer/SDKs/iPhoneSimulator6.1.sdk -miphoneos-version-min=4.0 -DTARGET_OS_IPHONE=1 -D__IOS -fms-extensions -v >&5
Apple LLVM version 4.2 (clang-425.0.28) (based on LLVM 3.2svn)
Target: i386-apple-darwin12.4.0
Thread model: posix
clang: warning: argument unused during compilation: '-isysroot /Applications/Xcode.app/Contents/Developer/Platforms/iPhoneSimulator.platform/Developer/SDKs/iPhoneSimulator6.1.sdk'
clang: warning: argument unused during compilation: '-miphoneos-version-min=4.0'
clang: warning: argument unused during compilation: '-D TARGET_OS_IPHONE=1'
clang: warning: argument unused during compilation: '-D __IOS'
clang: warning: argument unused during compilation: '-fms-extensions'
configure:4505: $? = 0
configure:4494: xcrun clang++  -arch i386  -isysroot /Applications/Xcode.app/Contents/Developer/Platforms/iPhoneSimulator.platform/Developer/SDKs/iPhoneSimulator6.1.sdk -miphoneos-version-min=4.0 -DTARGET_OS_IPHONE=1 -D__IOS -fms-extensions -V >&5
clang: error: argument to '-V' is missing (expected 1 value)
clang: error: no input files
configure:4505: $? = 1
configure:4494: xcrun clang++  -arch i386  -isysroot /Applications/Xcode.app/Contents/Developer/Platforms/iPhoneSimulator.platform/Developer/SDKs/iPhoneSimulator6.1.sdk -miphoneos-version-min=4.0 -DTARGET_OS_IPHONE=1 -D__IOS -fms-extensions -qversion >&5
clang: error: no input files
configure:4505: $? = 1
configure:4509: checking whether we are using the GNU C++ compiler
configure:4528: xcrun clang++  -arch i386  -isysroot /Applications/Xcode.app/Contents/Developer/Platforms/iPhoneSimulator.platform/Developer/SDKs/iPhoneSimulator6.1.sdk -miphoneos-version-min=4.0 -DTARGET_OS_IPHONE=1 -D__IOS -fms-extensions -c  -Dasm=__asm conftest.cpp >&5
configure:4528: $? = 0
configure:4537: result: yes
configure:4546: checking whether xcrun clang++  -arch i386  -isysroot /Applications/Xcode.app/Contents/Developer/Platforms/iPhoneSimulator.platform/Developer/SDKs/iPhoneSimulator6.1.sdk -miphoneos-version-min=4.0 -DTARGET_OS_IPHONE=1 -D__IOS -fms-extensions accepts -g
configure:4566: xcrun clang++  -arch i386  -isysroot /Applications/Xcode.app/Contents/Developer/Platforms/iPhoneSimulator.platform/Developer/SDKs/iPhoneSimulator6.1.sdk -miphoneos-version-min=4.0 -DTARGET_OS_IPHONE=1 -D__IOS -fms-extensions -c -g -Dasm=__asm conftest.cpp >&5
configure:4566: $? = 0
configure:4607: result: yes
configure:4632: checking dependency style of xcrun clang++  -arch i386  -isysroot /Applications/Xcode.app/Contents/Developer/Platforms/iPhoneSimulator.platform/Developer/SDKs/iPhoneSimulator6.1.sdk -miphoneos-version-min=4.0 -DTARGET_OS_IPHONE=1 -D__IOS -fms-extensions
configure:4743: result: gcc3
configure:4805: checking how to print strings
configure:4832: result: printf
configure:4853: checking for a sed that does not truncate output
configure:4917: result: /usr/bin/sed
configure:4935: checking for grep that handles long lines and -e
configure:4993: result: /opt/local/bin/grep
configure:4998: checking for egrep
configure:5060: result: /opt/local/bin/grep -E
configure:5065: checking for fgrep
configure:5127: result: /opt/local/bin/grep -F
configure:5162: checking for ld used by xcrun clang -std=c99  -arch i386  -isysroot /Applications/Xcode.app/Contents/Developer/Platforms/iPhoneSimulator.platform/Developer/SDKs/iPhoneSimulator6.1.sdk -miphoneos-version-min=4.0 -DTARGET_OS_IPHONE=1 -D__IOS -fms-extensions
configure:5229: result: xcrun ld -arch i386
configure:5236: checking if the linker (xcrun ld -arch i386) is GNU ld
configure:5251: result: no
configure:5263: checking for BSD- or MS-compatible name lister (nm)
configure:5312: result: no
configure:5326: checking for i386-apple-darwin-dumpbin
configure:5356: result: no
configure:5326: checking for i386-apple-darwin-link
configure:5356: result: no
configure:5370: checking for dumpbin
configure:5400: result: no
configure:5370: checking for link
configure:5386: found /bin/link
configure:5397: result: link -dump
configure:5442: checking the name lister (nm) interface
configure:5449: xcrun clang -std=c99  -arch i386  -isysroot /Applications/Xcode.app/Contents/Developer/Platforms/iPhoneSimulator.platform/Developer/SDKs/iPhoneSimulator6.1.sdk -miphoneos-version-min=4.0 -DTARGET_OS_IPHONE=1 -D__IOS -fms-extensions -c -g -O2 -Dasm=__asm conftest.c >&5
configure:5452: nm "conftest.o"
configure:5455: output
0000023c S _some_variable
configure:5462: result: BSD nm
configure:5465: checking whether ln -s works
configure:5469: result: yes
configure:5477: checking the maximum length of command line arguments
configure:5607: result: 196608
configure:5624: checking whether the shell understands some XSI constructs
configure:5634: result: yes
configure:5638: checking whether the shell understands "+="
configure:5644: result: yes
configure:5679: checking how to convert x86_64-apple-darwin12.4.0 file names to i386-apple-darwin format
configure:5719: result: func_convert_file_noop
configure:5726: checking how to convert x86_64-apple-darwin12.4.0 file names to toolchain format
configure:5746: result: func_convert_file_noop
configure:5753: checking for xcrun ld -arch i386 option to reload object files
configure:5760: result: -r
configure:5794: checking for i386-apple-darwin-objdump
configure:5824: result: no
configure:5834: checking for objdump
configure:5864: result: no
configure:5890: checking how to recognize dependent libraries
configure:6092: result: pass_all
configure:6137: checking for i386-apple-darwin-dlltool
configure:6167: result: no
configure:6177: checking for dlltool
configure:6207: result: no
configure:6234: checking how to associate runtime and link libraries
configure:6261: result: printf %s\n
configure:6278: checking for i386-apple-darwin-ar
configure:6305: result: xcrun ar
configure:6386: checking for archiver @FILE support
configure:6403: xcrun clang -std=c99  -arch i386  -isysroot /Applications/Xcode.app/Contents/Developer/Platforms/iPhoneSimulator.platform/Developer/SDKs/iPhoneSimulator6.1.sdk -miphoneos-version-min=4.0 -DTARGET_OS_IPHONE=1 -D__IOS -fms-extensions -c -g -O2 -Dasm=__asm conftest.c >&5
configure:6403: $? = 0
configure:6406: xcrun ar cru libconftest.a @conftest.lst >&5
ar: @conftest.lst: No such file or directory
configure:6409: $? = 1
configure:6429: result: no
configure:6447: checking for i386-apple-darwin-strip
configure:6474: result: strip
configure:6546: checking for i386-apple-darwin-ranlib
configure:6573: result: xcrun ranlib
configure:6715: checking command to parse nm output from xcrun clang -std=c99  -arch i386  -isysroot /Applications/Xcode.app/Contents/Developer/Platforms/iPhoneSimulator.platform/Developer/SDKs/iPhoneSimulator6.1.sdk -miphoneos-version-min=4.0 -DTARGET_OS_IPHONE=1 -D__IOS -fms-extensions object
configure:6835: xcrun clang -std=c99  -arch i386  -isysroot /Applications/Xcode.app/Contents/Developer/Platforms/iPhoneSimulator.platform/Developer/SDKs/iPhoneSimulator6.1.sdk -miphoneos-version-min=4.0 -DTARGET_OS_IPHONE=1 -D__IOS -fms-extensions -c -g -O2 -Dasm=__asm conftest.c >&5
configure:6838: $? = 0
configure:6842: nm conftest.o \| sed -n -e 's/^.*[ ]\([BCDEGRST][BCDEGRST]*\)[ ][ ]*\([_A-Za-z][_A-Za-z0-9]*\)$/\1 \2 \2/p' | sed '/ __gnu_lto/d' \> conftest.nm
configure:6845: $? = 0
cannot find nm_test_var in conftest.nm
configure:6835: xcrun clang -std=c99  -arch i386  -isysroot /Applications/Xcode.app/Contents/Developer/Platforms/iPhoneSimulator.platform/Developer/SDKs/iPhoneSimulator6.1.sdk -miphoneos-version-min=4.0 -DTARGET_OS_IPHONE=1 -D__IOS -fms-extensions -c -g -O2 -Dasm=__asm conftest.c >&5
configure:6838: $? = 0
configure:6842: nm conftest.o \| sed -n -e 's/^.*[ ]\([BCDEGRST][BCDEGRST]*\)[ ][ ]*_\([_A-Za-z][_A-Za-z0-9]*\)$/\1 _\2 \2/p' | sed '/ __gnu_lto/d' \> conftest.nm
configure:6845: $? = 0
configure:6911: xcrun clang -std=c99  -arch i386  -isysroot /Applications/Xcode.app/Contents/Developer/Platforms/iPhoneSimulator.platform/Developer/SDKs/iPhoneSimulator6.1.sdk -miphoneos-version-min=4.0 -DTARGET_OS_IPHONE=1 -D__IOS -fms-extensions -o conftest -g -O2 -Dasm=__asm  conftest.c conftstm.o >&5
configure:6914: $? = 0
configure:6952: result: ok
configure:6989: checking for sysroot
configure:7019: result: no
configure:7235: checking for i386-apple-darwin-mt
configure:7265: result: no
configure:7275: checking for mt
configure:7305: result: no
configure:7325: checking if : is a manifest tool
configure:7331: : '-?'
configure:7339: result: no
configure:7355: checking for i386-apple-darwin-dsymutil
configure:7385: result: no
configure:7395: checking for dsymutil
configure:7411: found /usr/bin/dsymutil
configure:7422: result: dsymutil
configure:7447: checking for i386-apple-darwin-nmedit
configure:7477: result: no
configure:7487: checking for nmedit
configure:7503: found /usr/bin/nmedit
configure:7514: result: nmedit
configure:7539: checking for i386-apple-darwin-lipo
configure:7569: result: no
configure:7579: checking for lipo
configure:7595: found /usr/bin/lipo
configure:7606: result: lipo
configure:7631: checking for i386-apple-darwin-otool
configure:7661: result: no
configure:7671: checking for otool
configure:7687: found /usr/bin/otool
configure:7698: result: otool
configure:7723: checking for i386-apple-darwin-otool64
configure:7753: result: no
configure:7763: checking for otool64
configure:7793: result: no
configure:7838: checking for -single_module linker flag
xcrun clang -std=c99  -arch i386  -isysroot /Applications/Xcode.app/Contents/Developer/Platforms/iPhoneSimulator.platform/Developer/SDKs/iPhoneSimulator6.1.sdk -miphoneos-version-min=4.0 -DTARGET_OS_IPHONE=1 -D__IOS -fms-extensions -g -O2  -o libconftest.dylib -dynamiclib -Wl,-single_module conftest.c
configure:7871: result: yes
configure:7874: checking for -exported_symbols_list linker flag
configure:7894: xcrun clang -std=c99  -arch i386  -isysroot /Applications/Xcode.app/Contents/Developer/Platforms/iPhoneSimulator.platform/Developer/SDKs/iPhoneSimulator6.1.sdk -miphoneos-version-min=4.0 -DTARGET_OS_IPHONE=1 -D__IOS -fms-extensions -o conftest -g -O2 -Dasm=__asm  -Wl,-exported_symbols_list,conftest.sym conftest.c  >&5
configure:7894: $? = 0
configure:7904: result: yes
configure:7907: checking for -force_load linker flag
xcrun clang -std=c99  -arch i386  -isysroot /Applications/Xcode.app/Contents/Developer/Platforms/iPhoneSimulator.platform/Developer/SDKs/iPhoneSimulator6.1.sdk -miphoneos-version-min=4.0 -DTARGET_OS_IPHONE=1 -D__IOS -fms-extensions -g -O2 -c -o conftest.o conftest.c
xcrun ar cru libconftest.a conftest.o
xcrun ranlib libconftest.a
xcrun clang -std=c99  -arch i386  -isysroot /Applications/Xcode.app/Contents/Developer/Platforms/iPhoneSimulator.platform/Developer/SDKs/iPhoneSimulator6.1.sdk -miphoneos-version-min=4.0 -DTARGET_OS_IPHONE=1 -D__IOS -fms-extensions -g -O2  -o conftest conftest.c -Wl,-force_load,./libconftest.a
configure:7939: result: yes
configure:7981: checking how to run the C preprocessor
configure:8012: xcrun clang -std=c99  -arch i386  -isysroot /Applications/Xcode.app/Contents/Developer/Platforms/iPhoneSimulator.platform/Developer/SDKs/iPhoneSimulator6.1.sdk -miphoneos-version-min=4.0 -DTARGET_OS_IPHONE=1 -D__IOS -fms-extensions -E -Dasm=__asm conftest.c
configure:8012: $? = 0
configure:8026: xcrun clang -std=c99  -arch i386  -isysroot /Applications/Xcode.app/Contents/Developer/Platforms/iPhoneSimulator.platform/Developer/SDKs/iPhoneSimulator6.1.sdk -miphoneos-version-min=4.0 -DTARGET_OS_IPHONE=1 -D__IOS -fms-extensions -E -Dasm=__asm conftest.c
conftest.c:11:10: fatal error: 'ac_nonexistent.h' file not found
#include <ac_nonexistent.h>
         ^
1 error generated.
configure:8026: $? = 1
configure: failed program was:
| /* confdefs.h */
| #define PACKAGE_NAME "belle-sip"
| #define PACKAGE_TARNAME "belle-sip"
| #define PACKAGE_VERSION "1.0.0"
| #define PACKAGE_STRING "belle-sip 1.0.0"
| #define PACKAGE_BUGREPORT "jehan.monnier@linphone.org"
| #define PACKAGE_URL ""
| #define PACKAGE "belle-sip"
| #define VERSION "1.0.0"
| /* end confdefs.h.  */
| #include <ac_nonexistent.h>
configure:8051: result: xcrun clang -std=c99  -arch i386  -isysroot /Applications/Xcode.app/Contents/Developer/Platforms/iPhoneSimulator.platform/Developer/SDKs/iPhoneSimulator6.1.sdk -miphoneos-version-min=4.0 -DTARGET_OS_IPHONE=1 -D__IOS -fms-extensions -E
configure:8071: xcrun clang -std=c99  -arch i386  -isysroot /Applications/Xcode.app/Contents/Developer/Platforms/iPhoneSimulator.platform/Developer/SDKs/iPhoneSimulator6.1.sdk -miphoneos-version-min=4.0 -DTARGET_OS_IPHONE=1 -D__IOS -fms-extensions -E -Dasm=__asm conftest.c
configure:8071: $? = 0
configure:8085: xcrun clang -std=c99  -arch i386  -isysroot /Applications/Xcode.app/Contents/Developer/Platforms/iPhoneSimulator.platform/Developer/SDKs/iPhoneSimulator6.1.sdk -miphoneos-version-min=4.0 -DTARGET_OS_IPHONE=1 -D__IOS -fms-extensions -E -Dasm=__asm conftest.c
conftest.c:11:10: fatal error: 'ac_nonexistent.h' file not found
#include <ac_nonexistent.h>
         ^
1 error generated.
configure:8085: $? = 1
configure: failed program was:
| /* confdefs.h */
| #define PACKAGE_NAME "belle-sip"
| #define PACKAGE_TARNAME "belle-sip"
| #define PACKAGE_VERSION "1.0.0"
| #define PACKAGE_STRING "belle-sip 1.0.0"
| #define PACKAGE_BUGREPORT "jehan.monnier@linphone.org"
| #define PACKAGE_URL ""
| #define PACKAGE "belle-sip"
| #define VERSION "1.0.0"
| /* end confdefs.h.  */
| #include <ac_nonexistent.h>
configure:8114: checking for ANSI C header files
configure:8134: xcrun clang -std=c99  -arch i386  -isysroot /Applications/Xcode.app/Contents/Developer/Platforms/iPhoneSimulator.platform/Developer/SDKs/iPhoneSimulator6.1.sdk -miphoneos-version-min=4.0 -DTARGET_OS_IPHONE=1 -D__IOS -fms-extensions -c -g -O2 -Dasm=__asm conftest.c >&5
configure:8134: $? = 0
configure:8207: xcrun clang -std=c99  -arch i386  -isysroot /Applications/Xcode.app/Contents/Developer/Platforms/iPhoneSimulator.platform/Developer/SDKs/iPhoneSimulator6.1.sdk -miphoneos-version-min=4.0 -DTARGET_OS_IPHONE=1 -D__IOS -fms-extensions -o conftest -g -O2 -Dasm=__asm  conftest.c  >&5
configure:8207: $? = 0
configure:8207: ./conftest
configure:8207: $? = 0
configure:8218: result: yes
configure:8231: checking for sys/types.h
configure:8231: xcrun clang -std=c99  -arch i386  -isysroot /Applications/Xcode.app/Contents/Developer/Platforms/iPhoneSimulator.platform/Developer/SDKs/iPhoneSimulator6.1.sdk -miphoneos-version-min=4.0 -DTARGET_OS_IPHONE=1 -D__IOS -fms-extensions -c -g -O2 -Dasm=__asm conftest.c >&5
configure:8231: $? = 0
configure:8231: result: yes
configure:8231: checking for sys/stat.h
configure:8231: xcrun clang -std=c99  -arch i386  -isysroot /Applications/Xcode.app/Contents/Developer/Platforms/iPhoneSimulator.platform/Developer/SDKs/iPhoneSimulator6.1.sdk -miphoneos-version-min=4.0 -DTARGET_OS_IPHONE=1 -D__IOS -fms-extensions -c -g -O2 -Dasm=__asm conftest.c >&5
configure:8231: $? = 0
configure:8231: result: yes
configure:8231: checking for stdlib.h
configure:8231: xcrun clang -std=c99  -arch i386  -isysroot /Applications/Xcode.app/Contents/Developer/Platforms/iPhoneSimulator.platform/Developer/SDKs/iPhoneSimulator6.1.sdk -miphoneos-version-min=4.0 -DTARGET_OS_IPHONE=1 -D__IOS -fms-extensions -c -g -O2 -Dasm=__asm conftest.c >&5
configure:8231: $? = 0
configure:8231: result: yes
configure:8231: checking for string.h
configure:8231: xcrun clang -std=c99  -arch i386  -isysroot /Applications/Xcode.app/Contents/Developer/Platforms/iPhoneSimulator.platform/Developer/SDKs/iPhoneSimulator6.1.sdk -miphoneos-version-min=4.0 -DTARGET_OS_IPHONE=1 -D__IOS -fms-extensions -c -g -O2 -Dasm=__asm conftest.c >&5
configure:8231: $? = 0
configure:8231: result: yes
configure:8231: checking for memory.h
configure:8231: xcrun clang -std=c99  -arch i386  -isysroot /Applications/Xcode.app/Contents/Developer/Platforms/iPhoneSimulator.platform/Developer/SDKs/iPhoneSimulator6.1.sdk -miphoneos-version-min=4.0 -DTARGET_OS_IPHONE=1 -D__IOS -fms-extensions -c -g -O2 -Dasm=__asm conftest.c >&5
configure:8231: $? = 0
configure:8231: result: yes
configure:8231: checking for strings.h
configure:8231: xcrun clang -std=c99  -arch i386  -isysroot /Applications/Xcode.app/Contents/Developer/Platforms/iPhoneSimulator.platform/Developer/SDKs/iPhoneSimulator6.1.sdk -miphoneos-version-min=4.0 -DTARGET_OS_IPHONE=1 -D__IOS -fms-extensions -c -g -O2 -Dasm=__asm conftest.c >&5
configure:8231: $? = 0
configure:8231: result: yes
configure:8231: checking for inttypes.h
configure:8231: xcrun clang -std=c99  -arch i386  -isysroot /Applications/Xcode.app/Contents/Developer/Platforms/iPhoneSimulator.platform/Developer/SDKs/iPhoneSimulator6.1.sdk -miphoneos-version-min=4.0 -DTARGET_OS_IPHONE=1 -D__IOS -fms-extensions -c -g -O2 -Dasm=__asm conftest.c >&5
configure:8231: $? = 0
configure:8231: result: yes
configure:8231: checking for stdint.h
configure:8231: xcrun clang -std=c99  -arch i386  -isysroot /Applications/Xcode.app/Contents/Developer/Platforms/iPhoneSimulator.platform/Developer/SDKs/iPhoneSimulator6.1.sdk -miphoneos-version-min=4.0 -DTARGET_OS_IPHONE=1 -D__IOS -fms-extensions -c -g -O2 -Dasm=__asm conftest.c >&5
configure:8231: $? = 0
configure:8231: result: yes
configure:8231: checking for unistd.h
configure:8231: xcrun clang -std=c99  -arch i386  -isysroot /Applications/Xcode.app/Contents/Developer/Platforms/iPhoneSimulator.platform/Developer/SDKs/iPhoneSimulator6.1.sdk -miphoneos-version-min=4.0 -DTARGET_OS_IPHONE=1 -D__IOS -fms-extensions -c -g -O2 -Dasm=__asm conftest.c >&5
configure:8231: $? = 0
configure:8231: result: yes
configure:8245: checking for dlfcn.h
configure:8245: xcrun clang -std=c99  -arch i386  -isysroot /Applications/Xcode.app/Contents/Developer/Platforms/iPhoneSimulator.platform/Developer/SDKs/iPhoneSimulator6.1.sdk -miphoneos-version-min=4.0 -DTARGET_OS_IPHONE=1 -D__IOS -fms-extensions -c -g -O2 -Dasm=__asm conftest.c >&5
configure:8245: $? = 0
configure:8245: result: yes
configure:8759: checking for objdir
configure:8774: result: .libs
configure:9041: checking if xcrun clang -std=c99  -arch i386  -isysroot /Applications/Xcode.app/Contents/Developer/Platforms/iPhoneSimulator.platform/Developer/SDKs/iPhoneSimulator6.1.sdk -miphoneos-version-min=4.0 -DTARGET_OS_IPHONE=1 -D__IOS -fms-extensions supports -fno-rtti -fno-exceptions
configure:9059: xcrun clang -std=c99  -arch i386  -isysroot /Applications/Xcode.app/Contents/Developer/Platforms/iPhoneSimulator.platform/Developer/SDKs/iPhoneSimulator6.1.sdk -miphoneos-version-min=4.0 -DTARGET_OS_IPHONE=1 -D__IOS -fms-extensions -c -g -O2 -Dasm=__asm -fno-rtti -fno-exceptions conftest.c >&5
configure:9063: $? = 0
configure:9076: result: yes
configure:9403: checking for xcrun clang -std=c99  -arch i386  -isysroot /Applications/Xcode.app/Contents/Developer/Platforms/iPhoneSimulator.platform/Developer/SDKs/iPhoneSimulator6.1.sdk -miphoneos-version-min=4.0 -DTARGET_OS_IPHONE=1 -D__IOS -fms-extensions option to produce PIC
configure:9410: result: -fno-common -DPIC
configure:9418: checking if xcrun clang -std=c99  -arch i386  -isysroot /Applications/Xcode.app/Contents/Developer/Platforms/iPhoneSimulator.platform/Developer/SDKs/iPhoneSimulator6.1.sdk -miphoneos-version-min=4.0 -DTARGET_OS_IPHONE=1 -D__IOS -fms-extensions PIC flag -fno-common -DPIC works
configure:9436: xcrun clang -std=c99  -arch i386  -isysroot /Applications/Xcode.app/Contents/Developer/Platforms/iPhoneSimulator.platform/Developer/SDKs/iPhoneSimulator6.1.sdk -miphoneos-version-min=4.0 -DTARGET_OS_IPHONE=1 -D__IOS -fms-extensions -c -g -O2 -Dasm=__asm -fno-common -DPIC -DPIC conftest.c >&5
configure:9440: $? = 0
configure:9453: result: yes
configure:9482: checking if xcrun clang -std=c99  -arch i386  -isysroot /Applications/Xcode.app/Contents/Developer/Platforms/iPhoneSimulator.platform/Developer/SDKs/iPhoneSimulator6.1.sdk -miphoneos-version-min=4.0 -DTARGET_OS_IPHONE=1 -D__IOS -fms-extensions static flag -static works
configure:9510: result: no
configure:9525: checking if xcrun clang -std=c99  -arch i386  -isysroot /Applications/Xcode.app/Contents/Developer/Platforms/iPhoneSimulator.platform/Developer/SDKs/iPhoneSimulator6.1.sdk -miphoneos-version-min=4.0 -DTARGET_OS_IPHONE=1 -D__IOS -fms-extensions supports -c -o file.o
configure:9546: xcrun clang -std=c99  -arch i386  -isysroot /Applications/Xcode.app/Contents/Developer/Platforms/iPhoneSimulator.platform/Developer/SDKs/iPhoneSimulator6.1.sdk -miphoneos-version-min=4.0 -DTARGET_OS_IPHONE=1 -D__IOS -fms-extensions -c -g -O2 -Dasm=__asm -o out/conftest2.o conftest.c >&5
configure:9550: $? = 0
configure:9572: result: yes
configure:9580: checking if xcrun clang -std=c99  -arch i386  -isysroot /Applications/Xcode.app/Contents/Developer/Platforms/iPhoneSimulator.platform/Developer/SDKs/iPhoneSimulator6.1.sdk -miphoneos-version-min=4.0 -DTARGET_OS_IPHONE=1 -D__IOS -fms-extensions supports -c -o file.o
configure:9627: result: yes
configure:9660: checking whether the xcrun clang -std=c99  -arch i386  -isysroot /Applications/Xcode.app/Contents/Developer/Platforms/iPhoneSimulator.platform/Developer/SDKs/iPhoneSimulator6.1.sdk -miphoneos-version-min=4.0 -DTARGET_OS_IPHONE=1 -D__IOS -fms-extensions linker (xcrun ld -arch i386) supports shared libraries
configure:10813: result: yes
configure:11053: checking dynamic linker characteristics
configure:11786: result: darwin dyld
configure:11893: checking how to hardcode library paths into programs
configure:11918: result: immediate
configure:12458: checking whether stripping libraries is possible
configure:12472: result: yes
configure:12498: checking if libtool supports shared libraries
configure:12500: result: yes
configure:12503: checking whether to build shared libraries
configure:12524: result: no
configure:12527: checking whether to build static libraries
configure:12531: result: yes
configure:12554: checking how to run the C++ preprocessor
configure:12581: xcrun clang++  -arch i386  -isysroot /Applications/Xcode.app/Contents/Developer/Platforms/iPhoneSimulator.platform/Developer/SDKs/iPhoneSimulator6.1.sdk -miphoneos-version-min=4.0 -DTARGET_OS_IPHONE=1 -D__IOS -fms-extensions -E -Dasm=__asm conftest.cpp
configure:12581: $? = 0
configure:12595: xcrun clang++  -arch i386  -isysroot /Applications/Xcode.app/Contents/Developer/Platforms/iPhoneSimulator.platform/Developer/SDKs/iPhoneSimulator6.1.sdk -miphoneos-version-min=4.0 -DTARGET_OS_IPHONE=1 -D__IOS -fms-extensions -E -Dasm=__asm conftest.cpp
conftest.cpp:23:10: fatal error: 'ac_nonexistent.h' file not found
#include <ac_nonexistent.h>
         ^
1 error generated.
configure:12595: $? = 1
configure: failed program was:
| /* confdefs.h */
| #define PACKAGE_NAME "belle-sip"
| #define PACKAGE_TARNAME "belle-sip"
| #define PACKAGE_VERSION "1.0.0"
| #define PACKAGE_STRING "belle-sip 1.0.0"
| #define PACKAGE_BUGREPORT "jehan.monnier@linphone.org"
| #define PACKAGE_URL ""
| #define PACKAGE "belle-sip"
| #define VERSION "1.0.0"
| #define STDC_HEADERS 1
| #define HAVE_SYS_TYPES_H 1
| #define HAVE_SYS_STAT_H 1
| #define HAVE_STDLIB_H 1
| #define HAVE_STRING_H 1
| #define HAVE_MEMORY_H 1
| #define HAVE_STRINGS_H 1
| #define HAVE_INTTYPES_H 1
| #define HAVE_STDINT_H 1
| #define HAVE_UNISTD_H 1
| #define HAVE_DLFCN_H 1
| #define LT_OBJDIR ".libs/"
| /* end confdefs.h.  */
| #include <ac_nonexistent.h>
configure:12620: result: xcrun clang++  -arch i386  -isysroot /Applications/Xcode.app/Contents/Developer/Platforms/iPhoneSimulator.platform/Developer/SDKs/iPhoneSimulator6.1.sdk -miphoneos-version-min=4.0 -DTARGET_OS_IPHONE=1 -D__IOS -fms-extensions -E
configure:12640: xcrun clang++  -arch i386  -isysroot /Applications/Xcode.app/Contents/Developer/Platforms/iPhoneSimulator.platform/Developer/SDKs/iPhoneSimulator6.1.sdk -miphoneos-version-min=4.0 -DTARGET_OS_IPHONE=1 -D__IOS -fms-extensions -E -Dasm=__asm conftest.cpp
configure:12640: $? = 0
configure:12654: xcrun clang++  -arch i386  -isysroot /Applications/Xcode.app/Contents/Developer/Platforms/iPhoneSimulator.platform/Developer/SDKs/iPhoneSimulator6.1.sdk -miphoneos-version-min=4.0 -DTARGET_OS_IPHONE=1 -D__IOS -fms-extensions -E -Dasm=__asm conftest.cpp
conftest.cpp:23:10: fatal error: 'ac_nonexistent.h' file not found
#include <ac_nonexistent.h>
         ^
1 error generated.
configure:12654: $? = 1
configure: failed program was:
| /* confdefs.h */
| #define PACKAGE_NAME "belle-sip"
| #define PACKAGE_TARNAME "belle-sip"
| #define PACKAGE_VERSION "1.0.0"
| #define PACKAGE_STRING "belle-sip 1.0.0"
| #define PACKAGE_BUGREPORT "jehan.monnier@linphone.org"
| #define PACKAGE_URL ""
| #define PACKAGE "belle-sip"
| #define VERSION "1.0.0"
| #define STDC_HEADERS 1
| #define HAVE_SYS_TYPES_H 1
| #define HAVE_SYS_STAT_H 1
| #define HAVE_STDLIB_H 1
| #define HAVE_STRING_H 1
| #define HAVE_MEMORY_H 1
| #define HAVE_STRINGS_H 1
| #define HAVE_INTTYPES_H 1
| #define HAVE_STDINT_H 1
| #define HAVE_UNISTD_H 1
| #define HAVE_DLFCN_H 1
| #define LT_OBJDIR ".libs/"
| /* end confdefs.h.  */
| #include <ac_nonexistent.h>
configure:12823: checking for ld used by xcrun clang++  -arch i386  -isysroot /Applications/Xcode.app/Contents/Developer/Platforms/iPhoneSimulator.platform/Developer/SDKs/iPhoneSimulator6.1.sdk -miphoneos-version-min=4.0 -DTARGET_OS_IPHONE=1 -D__IOS -fms-extensions
configure:12890: result: xcrun ld -arch i386
configure:12897: checking if the linker (xcrun ld -arch i386) is GNU ld
configure:12912: result: no
configure:12967: checking whether the xcrun clang++  -arch i386  -isysroot /Applications/Xcode.app/Contents/Developer/Platforms/iPhoneSimulator.platform/Developer/SDKs/iPhoneSimulator6.1.sdk -miphoneos-version-min=4.0 -DTARGET_OS_IPHONE=1 -D__IOS -fms-extensions linker (xcrun ld -arch i386) supports shared libraries
configure:13972: result: yes
configure:14008: xcrun clang++  -arch i386  -isysroot /Applications/Xcode.app/Contents/Developer/Platforms/iPhoneSimulator.platform/Developer/SDKs/iPhoneSimulator6.1.sdk -miphoneos-version-min=4.0 -DTARGET_OS_IPHONE=1 -D__IOS -fms-extensions -c -g -O2 -Dasm=__asm conftest.cpp >&5
configure:14011: $? = 0
configure:14531: checking for xcrun clang++  -arch i386  -isysroot /Applications/Xcode.app/Contents/Developer/Platforms/iPhoneSimulator.platform/Developer/SDKs/iPhoneSimulator6.1.sdk -miphoneos-version-min=4.0 -DTARGET_OS_IPHONE=1 -D__IOS -fms-extensions option to produce PIC
configure:14538: result: -fno-common -DPIC
configure:14546: checking if xcrun clang++  -arch i386  -isysroot /Applications/Xcode.app/Contents/Developer/Platforms/iPhoneSimulator.platform/Developer/SDKs/iPhoneSimulator6.1.sdk -miphoneos-version-min=4.0 -DTARGET_OS_IPHONE=1 -D__IOS -fms-extensions PIC flag -fno-common -DPIC works
configure:14564: xcrun clang++  -arch i386  -isysroot /Applications/Xcode.app/Contents/Developer/Platforms/iPhoneSimulator.platform/Developer/SDKs/iPhoneSimulator6.1.sdk -miphoneos-version-min=4.0 -DTARGET_OS_IPHONE=1 -D__IOS -fms-extensions -c -g -O2 -Dasm=__asm -fno-common -DPIC -DPIC conftest.cpp >&5
configure:14568: $? = 0
configure:14581: result: yes
configure:14604: checking if xcrun clang++  -arch i386  -isysroot /Applications/Xcode.app/Contents/Developer/Platforms/iPhoneSimulator.platform/Developer/SDKs/iPhoneSimulator6.1.sdk -miphoneos-version-min=4.0 -DTARGET_OS_IPHONE=1 -D__IOS -fms-extensions static flag -static works
configure:14632: result: no
configure:14644: checking if xcrun clang++  -arch i386  -isysroot /Applications/Xcode.app/Contents/Developer/Platforms/iPhoneSimulator.platform/Developer/SDKs/iPhoneSimulator6.1.sdk -miphoneos-version-min=4.0 -DTARGET_OS_IPHONE=1 -D__IOS -fms-extensions supports -c -o file.o
configure:14665: xcrun clang++  -arch i386  -isysroot /Applications/Xcode.app/Contents/Developer/Platforms/iPhoneSimulator.platform/Developer/SDKs/iPhoneSimulator6.1.sdk -miphoneos-version-min=4.0 -DTARGET_OS_IPHONE=1 -D__IOS -fms-extensions -c -g -O2 -Dasm=__asm -o out/conftest2.o conftest.cpp >&5
configure:14669: $? = 0
configure:14691: result: yes
configure:14696: checking if xcrun clang++  -arch i386  -isysroot /Applications/Xcode.app/Contents/Developer/Platforms/iPhoneSimulator.platform/Developer/SDKs/iPhoneSimulator6.1.sdk -miphoneos-version-min=4.0 -DTARGET_OS_IPHONE=1 -D__IOS -fms-extensions supports -c -o file.o
configure:14743: result: yes
configure:14773: checking whether the xcrun clang++  -arch i386  -isysroot /Applications/Xcode.app/Contents/Developer/Platforms/iPhoneSimulator.platform/Developer/SDKs/iPhoneSimulator6.1.sdk -miphoneos-version-min=4.0 -DTARGET_OS_IPHONE=1 -D__IOS -fms-extensions linker (xcrun ld -arch i386) supports shared libraries
configure:14809: result: yes
configure:14950: checking dynamic linker characteristics
configure:15617: result: darwin dyld
configure:15670: checking how to hardcode library paths into programs
configure:15695: result: immediate
configure:15812: checking antlr3.h usability
configure:15812: xcrun clang -std=c99  -arch i386  -isysroot /Applications/Xcode.app/Contents/Developer/Platforms/iPhoneSimulator.platform/Developer/SDKs/iPhoneSimulator6.1.sdk -miphoneos-version-min=4.0 -DTARGET_OS_IPHONE=1 -D__IOS -fms-extensions -c -g -Dasm=__asm -I/Users/huyheo/Documents/Linphone/linphone-iphone/submodules/build/..//../liblinphone-sdk/i386-apple-darwin/include conftest.c >&5
In file included from conftest.c:56:
In file included from /Users/huyheo/Documents/Linphone/linphone-iphone/submodules/build/..//../liblinphone-sdk/i386-apple-darwin/include/antlr3.h:33:
In file included from /Users/huyheo/Documents/Linphone/linphone-iphone/submodules/build/..//../liblinphone-sdk/i386-apple-darwin/include/antlr3defs.h:246:
/Users/huyheo/Documents/Linphone/linphone-iphone/submodules/build/..//../liblinphone-sdk/i386-apple-darwin/include/antlr3config.h:96:9: warning: 'PACKAGE' macro redefined
#define PACKAGE "libantlr3c"
        ^
conftest.c:8:9: note: previous definition is here
#define PACKAGE "belle-sip"
        ^
In file included from conftest.c:56:
In file included from /Users/huyheo/Documents/Linphone/linphone-iphone/submodules/build/..//../liblinphone-sdk/i386-apple-darwin/include/antlr3.h:33:
In file included from /Users/huyheo/Documents/Linphone/linphone-iphone/submodules/build/..//../liblinphone-sdk/i386-apple-darwin/include/antlr3defs.h:246:
/Users/huyheo/Documents/Linphone/linphone-iphone/submodules/build/..//../liblinphone-sdk/i386-apple-darwin/include/antlr3config.h:99:9: warning: 'PACKAGE_BUGREPORT' macro redefined
#define PACKAGE_BUGREPORT "jimi@temporal-wave.com"
        ^
conftest.c:6:9: note: previous definition is here
#define PACKAGE_BUGREPORT "jehan.monnier@linphone.org"
        ^
In file included from conftest.c:56:
In file included from /Users/huyheo/Documents/Linphone/linphone-iphone/submodules/build/..//../liblinphone-sdk/i386-apple-darwin/include/antlr3.h:33:
In file included from /Users/huyheo/Documents/Linphone/linphone-iphone/submodules/build/..//../liblinphone-sdk/i386-apple-darwin/include/antlr3defs.h:246:
/Users/huyheo/Documents/Linphone/linphone-iphone/submodules/build/..//../liblinphone-sdk/i386-apple-darwin/include/antlr3config.h:102:9: warning: 'PACKAGE_NAME' macro redefined
#define PACKAGE_NAME "libantlr3c"
        ^
conftest.c:2:9: note: previous definition is here
#define PACKAGE_NAME "belle-sip"
        ^
In file included from conftest.c:56:
In file included from /Users/huyheo/Documents/Linphone/linphone-iphone/submodules/build/..//../liblinphone-sdk/i386-apple-darwin/include/antlr3.h:33:
In file included from /Users/huyheo/Documents/Linphone/linphone-iphone/submodules/build/..//../liblinphone-sdk/i386-apple-darwin/include/antlr3defs.h:246:
/Users/huyheo/Documents/Linphone/linphone-iphone/submodules/build/..//../liblinphone-sdk/i386-apple-darwin/include/antlr3config.h:105:9: warning: 'PACKAGE_STRING' macro redefined
#define PACKAGE_STRING "libantlr3c 3.4-beta3"
        ^
conftest.c:5:9: note: previous definition is here
#define PACKAGE_STRING "belle-sip 1.0.0"
        ^
In file included from conftest.c:56:
In file included from /Users/huyheo/Documents/Linphone/linphone-iphone/submodules/build/..//../liblinphone-sdk/i386-apple-darwin/include/antlr3.h:33:
In file included from /Users/huyheo/Documents/Linphone/linphone-iphone/submodules/build/..//../liblinphone-sdk/i386-apple-darwin/include/antlr3defs.h:246:
/Users/huyheo/Documents/Linphone/linphone-iphone/submodules/build/..//../liblinphone-sdk/i386-apple-darwin/include/antlr3config.h:108:9: warning: 'PACKAGE_TARNAME' macro redefined
#define PACKAGE_TARNAME "libantlr3c"
        ^
conftest.c:3:9: note: previous definition is here
#define PACKAGE_TARNAME "belle-sip"
        ^
In file included from conftest.c:56:
In file included from /Users/huyheo/Documents/Linphone/linphone-iphone/submodules/build/..//../liblinphone-sdk/i386-apple-darwin/include/antlr3.h:33:
In file included from /Users/huyheo/Documents/Linphone/linphone-iphone/submodules/build/..//../liblinphone-sdk/i386-apple-darwin/include/antlr3defs.h:246:
/Users/huyheo/Documents/Linphone/linphone-iphone/submodules/build/..//../liblinphone-sdk/i386-apple-darwin/include/antlr3config.h:114:9: warning: 'PACKAGE_VERSION' macro redefined
#define PACKAGE_VERSION "3.4-beta3"
        ^
conftest.c:4:9: note: previous definition is here
#define PACKAGE_VERSION "1.0.0"
        ^
In file included from conftest.c:56:
In file included from /Users/huyheo/Documents/Linphone/linphone-iphone/submodules/build/..//../liblinphone-sdk/i386-apple-darwin/include/antlr3.h:33:
In file included from /Users/huyheo/Documents/Linphone/linphone-iphone/submodules/build/..//../liblinphone-sdk/i386-apple-darwin/include/antlr3defs.h:246:
/Users/huyheo/Documents/Linphone/linphone-iphone/submodules/build/..//../liblinphone-sdk/i386-apple-darwin/include/antlr3config.h:120:9: warning: 'VERSION' macro redefined
#define VERSION "3.4-beta3"
        ^
conftest.c:9:9: note: previous definition is here
#define VERSION "1.0.0"
        ^
7 warnings generated.
configure:15812: $? = 0
configure:15812: result: yes
configure:15812: checking antlr3.h presence
configure:15812: xcrun clang -std=c99  -arch i386  -isysroot /Applications/Xcode.app/Contents/Developer/Platforms/iPhoneSimulator.platform/Developer/SDKs/iPhoneSimulator6.1.sdk -miphoneos-version-min=4.0 -DTARGET_OS_IPHONE=1 -D__IOS -fms-extensions -E -Dasm=__asm -I/Users/huyheo/Documents/Linphone/linphone-iphone/submodules/build/..//../liblinphone-sdk/i386-apple-darwin/include conftest.c
In file included from conftest.c:23:
In file included from /Users/huyheo/Documents/Linphone/linphone-iphone/submodules/build/..//../liblinphone-sdk/i386-apple-darwin/include/antlr3.h:33:
In file included from /Users/huyheo/Documents/Linphone/linphone-iphone/submodules/build/..//../liblinphone-sdk/i386-apple-darwin/include/antlr3defs.h:246:
/Users/huyheo/Documents/Linphone/linphone-iphone/submodules/build/..//../liblinphone-sdk/i386-apple-darwin/include/antlr3config.h:96:9: warning: 'PACKAGE' macro redefined
#define PACKAGE "libantlr3c"
        ^
conftest.c:8:9: note: previous definition is here
#define PACKAGE "belle-sip"
        ^
In file included from conftest.c:23:
In file included from /Users/huyheo/Documents/Linphone/linphone-iphone/submodules/build/..//../liblinphone-sdk/i386-apple-darwin/include/antlr3.h:33:
In file included from /Users/huyheo/Documents/Linphone/linphone-iphone/submodules/build/..//../liblinphone-sdk/i386-apple-darwin/include/antlr3defs.h:246:
/Users/huyheo/Documents/Linphone/linphone-iphone/submodules/build/..//../liblinphone-sdk/i386-apple-darwin/include/antlr3config.h:99:9: warning: 'PACKAGE_BUGREPORT' macro redefined
#define PACKAGE_BUGREPORT "jimi@temporal-wave.com"
        ^
conftest.c:6:9: note: previous definition is here
#define PACKAGE_BUGREPORT "jehan.monnier@linphone.org"
        ^
In file included from conftest.c:23:
In file included from /Users/huyheo/Documents/Linphone/linphone-iphone/submodules/build/..//../liblinphone-sdk/i386-apple-darwin/include/antlr3.h:33:
In file included from /Users/huyheo/Documents/Linphone/linphone-iphone/submodules/build/..//../liblinphone-sdk/i386-apple-darwin/include/antlr3defs.h:246:
/Users/huyheo/Documents/Linphone/linphone-iphone/submodules/build/..//../liblinphone-sdk/i386-apple-darwin/include/antlr3config.h:102:9: warning: 'PACKAGE_NAME' macro redefined
#define PACKAGE_NAME "libantlr3c"
        ^
conftest.c:2:9: note: previous definition is here
#define PACKAGE_NAME "belle-sip"
        ^
In file included from conftest.c:23:
In file included from /Users/huyheo/Documents/Linphone/linphone-iphone/submodules/build/..//../liblinphone-sdk/i386-apple-darwin/include/antlr3.h:33:
In file included from /Users/huyheo/Documents/Linphone/linphone-iphone/submodules/build/..//../liblinphone-sdk/i386-apple-darwin/include/antlr3defs.h:246:
/Users/huyheo/Documents/Linphone/linphone-iphone/submodules/build/..//../liblinphone-sdk/i386-apple-darwin/include/antlr3config.h:105:9: warning: 'PACKAGE_STRING' macro redefined
#define PACKAGE_STRING "libantlr3c 3.4-beta3"
        ^
conftest.c:5:9: note: previous definition is here
#define PACKAGE_STRING "belle-sip 1.0.0"
        ^
In file included from conftest.c:23:
In file included from /Users/huyheo/Documents/Linphone/linphone-iphone/submodules/build/..//../liblinphone-sdk/i386-apple-darwin/include/antlr3.h:33:
In file included from /Users/huyheo/Documents/Linphone/linphone-iphone/submodules/build/..//../liblinphone-sdk/i386-apple-darwin/include/antlr3defs.h:246:
/Users/huyheo/Documents/Linphone/linphone-iphone/submodules/build/..//../liblinphone-sdk/i386-apple-darwin/include/antlr3config.h:108:9: warning: 'PACKAGE_TARNAME' macro redefined
#define PACKAGE_TARNAME "libantlr3c"
        ^
conftest.c:3:9: note: previous definition is here
#define PACKAGE_TARNAME "belle-sip"
        ^
In file included from conftest.c:23:
In file included from /Users/huyheo/Documents/Linphone/linphone-iphone/submodules/build/..//../liblinphone-sdk/i386-apple-darwin/include/antlr3.h:33:
In file included from /Users/huyheo/Documents/Linphone/linphone-iphone/submodules/build/..//../liblinphone-sdk/i386-apple-darwin/include/antlr3defs.h:246:
/Users/huyheo/Documents/Linphone/linphone-iphone/submodules/build/..//../liblinphone-sdk/i386-apple-darwin/include/antlr3config.h:114:9: warning: 'PACKAGE_VERSION' macro redefined
#define PACKAGE_VERSION "3.4-beta3"
        ^
conftest.c:4:9: note: previous definition is here
#define PACKAGE_VERSION "1.0.0"
        ^
In file included from conftest.c:23:
In file included from /Users/huyheo/Documents/Linphone/linphone-iphone/submodules/build/..//../liblinphone-sdk/i386-apple-darwin/include/antlr3.h:33:
In file included from /Users/huyheo/Documents/Linphone/linphone-iphone/submodules/build/..//../liblinphone-sdk/i386-apple-darwin/include/antlr3defs.h:246:
/Users/huyheo/Documents/Linphone/linphone-iphone/submodules/build/..//../liblinphone-sdk/i386-apple-darwin/include/antlr3config.h:120:9: warning: 'VERSION' macro redefined
#define VERSION "3.4-beta3"
        ^
conftest.c:9:9: note: previous definition is here
#define VERSION "1.0.0"
        ^
7 warnings generated.
configure:15812: $? = 0
configure:15812: result: yes
configure:15812: checking for antlr3.h
configure:15812: result: yes
configure:15822: checking whether antlr3StringStreamNew is declared
configure:15822: xcrun clang -std=c99  -arch i386  -isysroot /Applications/Xcode.app/Contents/Developer/Platforms/iPhoneSimulator.platform/Developer/SDKs/iPhoneSimulator6.1.sdk -miphoneos-version-min=4.0 -DTARGET_OS_IPHONE=1 -D__IOS -fms-extensions -c -g -Dasm=__asm -I/Users/huyheo/Documents/Linphone/linphone-iphone/submodules/build/..//../liblinphone-sdk/i386-apple-darwin/include conftest.c >&5
In file included from conftest.c:24:
In file included from /Users/huyheo/Documents/Linphone/linphone-iphone/submodules/build/..//../liblinphone-sdk/i386-apple-darwin/include/antlr3.h:33:
In file included from /Users/huyheo/Documents/Linphone/linphone-iphone/submodules/build/..//../liblinphone-sdk/i386-apple-darwin/include/antlr3defs.h:246:
/Users/huyheo/Documents/Linphone/linphone-iphone/submodules/build/..//../liblinphone-sdk/i386-apple-darwin/include/antlr3config.h:96:9: warning: 'PACKAGE' macro redefined
#define PACKAGE "libantlr3c"
        ^
conftest.c:8:9: note: previous definition is here
#define PACKAGE "belle-sip"
        ^
In file included from conftest.c:24:
In file included from /Users/huyheo/Documents/Linphone/linphone-iphone/submodules/build/..//../liblinphone-sdk/i386-apple-darwin/include/antlr3.h:33:
In file included from /Users/huyheo/Documents/Linphone/linphone-iphone/submodules/build/..//../liblinphone-sdk/i386-apple-darwin/include/antlr3defs.h:246:
/Users/huyheo/Documents/Linphone/linphone-iphone/submodules/build/..//../liblinphone-sdk/i386-apple-darwin/include/antlr3config.h:99:9: warning: 'PACKAGE_BUGREPORT' macro redefined
#define PACKAGE_BUGREPORT "jimi@temporal-wave.com"
        ^
conftest.c:6:9: note: previous definition is here
#define PACKAGE_BUGREPORT "jehan.monnier@linphone.org"
        ^
In file included from conftest.c:24:
In file included from /Users/huyheo/Documents/Linphone/linphone-iphone/submodules/build/..//../liblinphone-sdk/i386-apple-darwin/include/antlr3.h:33:
In file included from /Users/huyheo/Documents/Linphone/linphone-iphone/submodules/build/..//../liblinphone-sdk/i386-apple-darwin/include/antlr3defs.h:246:
/Users/huyheo/Documents/Linphone/linphone-iphone/submodules/build/..//../liblinphone-sdk/i386-apple-darwin/include/antlr3config.h:102:9: warning: 'PACKAGE_NAME' macro redefined
#define PACKAGE_NAME "libantlr3c"
        ^
conftest.c:2:9: note: previous definition is here
#define PACKAGE_NAME "belle-sip"
        ^
In file included from conftest.c:24:
In file included from /Users/huyheo/Documents/Linphone/linphone-iphone/submodules/build/..//../liblinphone-sdk/i386-apple-darwin/include/antlr3.h:33:
In file included from /Users/huyheo/Documents/Linphone/linphone-iphone/submodules/build/..//../liblinphone-sdk/i386-apple-darwin/include/antlr3defs.h:246:
/Users/huyheo/Documents/Linphone/linphone-iphone/submodules/build/..//../liblinphone-sdk/i386-apple-darwin/include/antlr3config.h:105:9: warning: 'PACKAGE_STRING' macro redefined
#define PACKAGE_STRING "libantlr3c 3.4-beta3"
        ^
conftest.c:5:9: note: previous definition is here
#define PACKAGE_STRING "belle-sip 1.0.0"
        ^
In file included from conftest.c:24:
In file included from /Users/huyheo/Documents/Linphone/linphone-iphone/submodules/build/..//../liblinphone-sdk/i386-apple-darwin/include/antlr3.h:33:
In file included from /Users/huyheo/Documents/Linphone/linphone-iphone/submodules/build/..//../liblinphone-sdk/i386-apple-darwin/include/antlr3defs.h:246:
/Users/huyheo/Documents/Linphone/linphone-iphone/submodules/build/..//../liblinphone-sdk/i386-apple-darwin/include/antlr3config.h:108:9: warning: 'PACKAGE_TARNAME' macro redefined
#define PACKAGE_TARNAME "libantlr3c"
        ^
conftest.c:3:9: note: previous definition is here
#define PACKAGE_TARNAME "belle-sip"
        ^
In file included from conftest.c:24:
In file included from /Users/huyheo/Documents/Linphone/linphone-iphone/submodules/build/..//../liblinphone-sdk/i386-apple-darwin/include/antlr3.h:33:
In file included from /Users/huyheo/Documents/Linphone/linphone-iphone/submodules/build/..//../liblinphone-sdk/i386-apple-darwin/include/antlr3defs.h:246:
/Users/huyheo/Documents/Linphone/linphone-iphone/submodules/build/..//../liblinphone-sdk/i386-apple-darwin/include/antlr3config.h:114:9: warning: 'PACKAGE_VERSION' macro redefined
#define PACKAGE_VERSION "3.4-beta3"
        ^
conftest.c:4:9: note: previous definition is here
#define PACKAGE_VERSION "1.0.0"
        ^
In file included from conftest.c:24:
In file included from /Users/huyheo/Documents/Linphone/linphone-iphone/submodules/build/..//../liblinphone-sdk/i386-apple-darwin/include/antlr3.h:33:
In file included from /Users/huyheo/Documents/Linphone/linphone-iphone/submodules/build/..//../liblinphone-sdk/i386-apple-darwin/include/antlr3defs.h:246:
/Users/huyheo/Documents/Linphone/linphone-iphone/submodules/build/..//../liblinphone-sdk/i386-apple-darwin/include/antlr3config.h:120:9: warning: 'VERSION' macro redefined
#define VERSION "3.4-beta3"
        ^
conftest.c:9:9: note: previous definition is here
#define VERSION "1.0.0"
        ^
7 warnings generated.
configure:15822: $? = 0
configure:15822: result: yes
configure:15835: checking whether res_ndestroy is declared
configure:15835: xcrun clang -std=c99  -arch i386  -isysroot /Applications/Xcode.app/Contents/Developer/Platforms/iPhoneSimulator.platform/Developer/SDKs/iPhoneSimulator6.1.sdk -miphoneos-version-min=4.0 -DTARGET_OS_IPHONE=1 -D__IOS -fms-extensions -c -g -Dasm=__asm -I/Users/huyheo/Documents/Linphone/linphone-iphone/submodules/build/..//../liblinphone-sdk/i386-apple-darwin/include conftest.c >&5
configure:15835: $? = 0
configure:15835: result: yes
configure:15858: checking for antlr3
configure:15889: result: no
configure:15915: checking for java
configure:15933: found /usr/bin/java
configure:15946: result: /usr/bin/java
configure:16000: checking polarssl/ssl.h usability
configure:16000: xcrun clang -std=c99  -arch i386  -isysroot /Applications/Xcode.app/Contents/Developer/Platforms/iPhoneSimulator.platform/Developer/SDKs/iPhoneSimulator6.1.sdk -miphoneos-version-min=4.0 -DTARGET_OS_IPHONE=1 -D__IOS -fms-extensions -c -g -Dasm=__asm -I/Users/huyheo/Documents/Linphone/linphone-iphone/submodules/build/..//../liblinphone-sdk/i386-apple-darwin/include conftest.c >&5
configure:16000: $? = 0
configure:16000: result: yes
configure:16000: checking polarssl/ssl.h presence
configure:16000: xcrun clang -std=c99  -arch i386  -isysroot /Applications/Xcode.app/Contents/Developer/Platforms/iPhoneSimulator.platform/Developer/SDKs/iPhoneSimulator6.1.sdk -miphoneos-version-min=4.0 -DTARGET_OS_IPHONE=1 -D__IOS -fms-extensions -E -Dasm=__asm -I/Users/huyheo/Documents/Linphone/linphone-iphone/submodules/build/..//../liblinphone-sdk/i386-apple-darwin/include conftest.c
configure:16000: $? = 0
configure:16000: result: yes
configure:16000: checking for polarssl/ssl.h
configure:16000: result: yes
configure:16006: checking for x509parse_crtpath in -lpolarssl
configure:16031: xcrun clang -std=c99  -arch i386  -isysroot /Applications/Xcode.app/Contents/Developer/Platforms/iPhoneSimulator.platform/Developer/SDKs/iPhoneSimulator6.1.sdk -miphoneos-version-min=4.0 -DTARGET_OS_IPHONE=1 -D__IOS -fms-extensions -o conftest -g -Dasm=__asm -I/Users/huyheo/Documents/Linphone/linphone-iphone/submodules/build/..//../liblinphone-sdk/i386-apple-darwin/include  conftest.c -lpolarssl   -lresolv -L/Users/huyheo/Documents/Linphone/linphone-iphone/submodules/build/..//../liblinphone-sdk/i386-apple-darwin/lib -lpolarssl >&5
configure:16031: $? = 0
configure:16040: result: yes
configure:16167: checking for CUNIT
configure:16174: $PKG_CONFIG --exists --print-errors "cunit"
Package cunit was not found in the pkg-config search path.
Perhaps you should add the directory containing `cunit.pc'
to the PKG_CONFIG_PATH environment variable
No package 'cunit' found
configure:16177: $? = 1
configure:16191: $PKG_CONFIG --exists --print-errors "cunit"
Package cunit was not found in the pkg-config search path.
Perhaps you should add the directory containing `cunit.pc'
to the PKG_CONFIG_PATH environment variable
No package 'cunit' found
configure:16194: $? = 1
configure:16208: result: no
No package 'cunit' found
configure:16240: checking CUnit/CUnit.h usability
configure:16240: xcrun clang -std=c99  -arch i386  -isysroot /Applications/Xcode.app/Contents/Developer/Platforms/iPhoneSimulator.platform/Developer/SDKs/iPhoneSimulator6.1.sdk -miphoneos-version-min=4.0 -DTARGET_OS_IPHONE=1 -D__IOS -fms-extensions -c -g -Dasm=__asm conftest.c >&5
conftest.c:61:10: fatal error: 'CUnit/CUnit.h' file not found
#include <CUnit/CUnit.h>
         ^
1 error generated.
configure:16240: $? = 1
configure: failed program was:
| /* confdefs.h */
| #define PACKAGE_NAME "belle-sip"
| #define PACKAGE_TARNAME "belle-sip"
| #define PACKAGE_VERSION "1.0.0"
| #define PACKAGE_STRING "belle-sip 1.0.0"
| #define PACKAGE_BUGREPORT "jehan.monnier@linphone.org"
| #define PACKAGE_URL ""
| #define PACKAGE "belle-sip"
| #define VERSION "1.0.0"
| #define STDC_HEADERS 1
| #define HAVE_SYS_TYPES_H 1
| #define HAVE_SYS_STAT_H 1
| #define HAVE_STDLIB_H 1
| #define HAVE_STRING_H 1
| #define HAVE_MEMORY_H 1
| #define HAVE_STRINGS_H 1
| #define HAVE_INTTYPES_H 1
| #define HAVE_STDINT_H 1
| #define HAVE_UNISTD_H 1
| #define HAVE_DLFCN_H 1
| #define LT_OBJDIR ".libs/"
| #define HAVE_ANTLR3_H 1
| #define HAVE_ANTLR_STRING_STREAM_NEW 1
| #define HAVE_RESINIT 1
| #define HAVE_POLARSSL_SSL_H 1
| #define HAVE_POLARSSL 1
| /* end confdefs.h.  */
| #include <stdio.h>
| #ifdef HAVE_SYS_TYPES_H
| # include <sys/types.h>
| #endif
| #ifdef HAVE_SYS_STAT_H
| # include <sys/stat.h>
| #endif
| #ifdef STDC_HEADERS
| # include <stdlib.h>
| # include <stddef.h>
| #else
| # ifdef HAVE_STDLIB_H
| #  include <stdlib.h>
| # endif
| #endif
| #ifdef HAVE_STRING_H
| # if !defined STDC_HEADERS && defined HAVE_MEMORY_H
| #  include <memory.h>
| # endif
| # include <string.h>
| #endif
| #ifdef HAVE_STRINGS_H
| # include <strings.h>
| #endif
| #ifdef HAVE_INTTYPES_H
| # include <inttypes.h>
| #endif
| #ifdef HAVE_STDINT_H
| # include <stdint.h>
| #endif
| #ifdef HAVE_UNISTD_H
| # include <unistd.h>
| #endif
| #include <CUnit/CUnit.h>
configure:16240: result: no
configure:16240: checking CUnit/CUnit.h presence
configure:16240: xcrun clang -std=c99  -arch i386  -isysroot /Applications/Xcode.app/Contents/Developer/Platforms/iPhoneSimulator.platform/Developer/SDKs/iPhoneSimulator6.1.sdk -miphoneos-version-min=4.0 -DTARGET_OS_IPHONE=1 -D__IOS -fms-extensions -E -Dasm=__asm conftest.c
conftest.c:28:10: fatal error: 'CUnit/CUnit.h' file not found
#include <CUnit/CUnit.h>
         ^
1 error generated.
configure:16240: $? = 1
configure: failed program was:
| /* confdefs.h */
| #define PACKAGE_NAME "belle-sip"
| #define PACKAGE_TARNAME "belle-sip"
| #define PACKAGE_VERSION "1.0.0"
| #define PACKAGE_STRING "belle-sip 1.0.0"
| #define PACKAGE_BUGREPORT "jehan.monnier@linphone.org"
| #define PACKAGE_URL ""
| #define PACKAGE "belle-sip"
| #define VERSION "1.0.0"
| #define STDC_HEADERS 1
| #define HAVE_SYS_TYPES_H 1
| #define HAVE_SYS_STAT_H 1
| #define HAVE_STDLIB_H 1
| #define HAVE_STRING_H 1
| #define HAVE_MEMORY_H 1
| #define HAVE_STRINGS_H 1
| #define HAVE_INTTYPES_H 1
| #define HAVE_STDINT_H 1
| #define HAVE_UNISTD_H 1
| #define HAVE_DLFCN_H 1
| #define LT_OBJDIR ".libs/"
| #define HAVE_ANTLR3_H 1
| #define HAVE_ANTLR_STRING_STREAM_NEW 1
| #define HAVE_RESINIT 1
| #define HAVE_POLARSSL_SSL_H 1
| #define HAVE_POLARSSL 1
| /* end confdefs.h.  */
| #include <CUnit/CUnit.h>
configure:16240: result: no
configure:16240: checking for CUnit/CUnit.h
configure:16240: result: no
configure:16311: WARNING: Could not find cunit framework, tests are not compiled.
configure:16420: checking for clock_gettime in -lrt
configure:16445: xcrun clang -std=c99  -arch i386  -isysroot /Applications/Xcode.app/Contents/Developer/Platforms/iPhoneSimulator.platform/Developer/SDKs/iPhoneSimulator6.1.sdk -miphoneos-version-min=4.0 -DTARGET_OS_IPHONE=1 -D__IOS -fms-extensions -o conftest -g -Dasm=__asm  conftest.c -lrt   -lresolv >&5
ld: library not found for -lrt
clang: error: linker command failed with exit code 1 (use -v to see invocation)
configure:16445: $? = 1
configure: failed program was:
| /* confdefs.h */
| #define PACKAGE_NAME "belle-sip"
| #define PACKAGE_TARNAME "belle-sip"
| #define PACKAGE_VERSION "1.0.0"
| #define PACKAGE_STRING "belle-sip 1.0.0"
| #define PACKAGE_BUGREPORT "jehan.monnier@linphone.org"
| #define PACKAGE_URL ""
| #define PACKAGE "belle-sip"
| #define VERSION "1.0.0"
| #define STDC_HEADERS 1
| #define HAVE_SYS_TYPES_H 1
| #define HAVE_SYS_STAT_H 1
| #define HAVE_STDLIB_H 1
| #define HAVE_STRING_H 1
| #define HAVE_MEMORY_H 1
| #define HAVE_STRINGS_H 1
| #define HAVE_INTTYPES_H 1
| #define HAVE_STDINT_H 1
| #define HAVE_UNISTD_H 1
| #define HAVE_DLFCN_H 1
| #define LT_OBJDIR ".libs/"
| #define HAVE_ANTLR3_H 1
| #define HAVE_ANTLR_STRING_STREAM_NEW 1
| #define HAVE_RESINIT 1
| #define HAVE_POLARSSL_SSL_H 1
| #define HAVE_POLARSSL 1
| /* end confdefs.h.  */
| 
| /* Override any GCC internal prototype to avoid an error.
|    Use char because int might match the return type of a GCC
|    builtin and then its argument prototype would still apply.  */
| #ifdef __cplusplus
| extern "C"
| #endif
| char clock_gettime ();
| int
| main ()
| {
| return clock_gettime ();
|   ;
|   return 0;
| }
configure:16454: result: no
configure:16465: checking for dlopen in -ldl
configure:16490: xcrun clang -std=c99  -arch i386  -isysroot /Applications/Xcode.app/Contents/Developer/Platforms/iPhoneSimulator.platform/Developer/SDKs/iPhoneSimulator6.1.sdk -miphoneos-version-min=4.0 -DTARGET_OS_IPHONE=1 -D__IOS -fms-extensions -o conftest -g -Dasm=__asm  conftest.c -ldl   -lresolv >&5
configure:16490: $? = 0
configure:16499: result: yes
configure:16623: checking that generated files are newer than configure
configure:16629: result: done
configure:16664: creating ./config.status

## ---------------------- ##
## Running config.status. ##
## ---------------------- ##

This file was extended by belle-sip config.status 1.0.0, which was
generated by GNU Autoconf 2.69.  Invocation command line was

  CONFIG_FILES    = 
  CONFIG_HEADERS  = 
  CONFIG_LINKS    = 
  CONFIG_COMMANDS = 
  $ ./config.status 

on vkxs-Mac-mini.local

config.status:1182: creating Makefile
config.status:1182: creating include/Makefile
config.status:1182: creating include/belle-sip/Makefile
config.status:1182: creating src/Makefile
config.status:1182: creating tester/Makefile
config.status:1182: creating belle-sip.pc
config.status:1182: creating config.h
config.status:1396: executing depfiles commands
config.status:1396: executing libtool commands

## ---------------- ##
## Cache variables. ##
## ---------------- ##

ac_cv_build=x86_64-apple-darwin12.4.0
ac_cv_c_compiler_gnu=yes
ac_cv_cxx_compiler_gnu=yes
ac_cv_env_CCC_set=
ac_cv_env_CCC_value=
ac_cv_env_CC_set=
ac_cv_env_CC_value=
ac_cv_env_CFLAGS_set=
ac_cv_env_CFLAGS_value=
ac_cv_env_CPPFLAGS_set=
ac_cv_env_CPPFLAGS_value=
ac_cv_env_CPP_set=
ac_cv_env_CPP_value=
ac_cv_env_CUNIT_CFLAGS_set=
ac_cv_env_CUNIT_CFLAGS_value=
ac_cv_env_CUNIT_LIBS_set=
ac_cv_env_CUNIT_LIBS_value=
ac_cv_env_CXXCPP_set=
ac_cv_env_CXXCPP_value=
ac_cv_env_CXXFLAGS_set=
ac_cv_env_CXXFLAGS_value=
ac_cv_env_CXX_set=
ac_cv_env_CXX_value=
ac_cv_env_LDFLAGS_set=
ac_cv_env_LDFLAGS_value=
ac_cv_env_LIBS_set=
ac_cv_env_LIBS_value=
ac_cv_env_PKG_CONFIG_LIBDIR_set=set
ac_cv_env_PKG_CONFIG_LIBDIR_value=/Users/huyheo/Documents/Linphone/linphone-iphone/submodules/build/..//../liblinphone-sdk/i386-apple-darwin/lib/pkgconfig
ac_cv_env_PKG_CONFIG_PATH_set=
ac_cv_env_PKG_CONFIG_PATH_value=
ac_cv_env_PKG_CONFIG_set=
ac_cv_env_PKG_CONFIG_value=
ac_cv_env_TUNNEL_CFLAGS_set=
ac_cv_env_TUNNEL_CFLAGS_value=
ac_cv_env_TUNNEL_LIBS_set=
ac_cv_env_TUNNEL_LIBS_value=
ac_cv_env_build_alias_set=
ac_cv_env_build_alias_value=
ac_cv_env_host_alias_set=set
ac_cv_env_host_alias_value=i386-apple-darwin
ac_cv_env_target_alias_set=
ac_cv_env_target_alias_value=
ac_cv_have_decl_antlr3StringStreamNew___=yes
ac_cv_have_decl_res_ndestroy___=yes
ac_cv_header_CUnit_CUnit_h=no
ac_cv_header_antlr3_h=yes
ac_cv_header_dlfcn_h=yes
ac_cv_header_inttypes_h=yes
ac_cv_header_memory_h=yes
ac_cv_header_polarssl_ssl_h=yes
ac_cv_header_stdc=yes
ac_cv_header_stdint_h=yes
ac_cv_header_stdlib_h=yes
ac_cv_header_string_h=yes
ac_cv_header_strings_h=yes
ac_cv_header_sys_stat_h=yes
ac_cv_header_sys_types_h=yes
ac_cv_header_unistd_h=yes
ac_cv_host=i386-apple-darwin
ac_cv_lib_dl_dlopen=yes
ac_cv_lib_polarssl_x509parse_crtpath=yes
ac_cv_lib_rt_clock_gettime=no
ac_cv_objext=o
ac_cv_path_ANTLR=no
ac_cv_path_EGREP='/opt/local/bin/grep -E'
ac_cv_path_FGREP='/opt/local/bin/grep -F'
ac_cv_path_GREP=/opt/local/bin/grep
ac_cv_path_JAVA=/usr/bin/java
ac_cv_path_SED=/usr/bin/sed
ac_cv_path_ac_pt_PKG_CONFIG=/opt/local/bin/pkg-config
ac_cv_path_install='/opt/local/bin/ginstall -c'
ac_cv_path_mkdir=/opt/local/bin/gmkdir
ac_cv_prog_AR='xcrun ar'
ac_cv_prog_AWK=awk
ac_cv_prog_CC='xcrun clang -std=c99  -arch i386  -isysroot /Applications/Xcode.app/Contents/Developer/Platforms/iPhoneSimulator.platform/Developer/SDKs/iPhoneSimulator6.1.sdk -miphoneos-version-min=4.0 -DTARGET_OS_IPHONE=1 -D__IOS -fms-extensions'
ac_cv_prog_CPP='xcrun clang -std=c99  -arch i386  -isysroot /Applications/Xcode.app/Contents/Developer/Platforms/iPhoneSimulator.platform/Developer/SDKs/iPhoneSimulator6.1.sdk -miphoneos-version-min=4.0 -DTARGET_OS_IPHONE=1 -D__IOS -fms-extensions -E'
ac_cv_prog_CXXCPP='xcrun clang++  -arch i386  -isysroot /Applications/Xcode.app/Contents/Developer/Platforms/iPhoneSimulator.platform/Developer/SDKs/iPhoneSimulator6.1.sdk -miphoneos-version-min=4.0 -DTARGET_OS_IPHONE=1 -D__IOS -fms-extensions -E'
ac_cv_prog_RANLIB='xcrun ranlib'
ac_cv_prog_STRIP=strip
ac_cv_prog_ac_ct_DSYMUTIL=dsymutil
ac_cv_prog_ac_ct_DUMPBIN='link -dump'
ac_cv_prog_ac_ct_LIPO=lipo
ac_cv_prog_ac_ct_NMEDIT=nmedit
ac_cv_prog_ac_ct_OTOOL=otool
ac_cv_prog_ac_ct_STRIP=strip
ac_cv_prog_cc_c89=
ac_cv_prog_cc_g=yes
ac_cv_prog_cxx_g=yes
ac_cv_prog_make_make_set=yes
ac_cv_target=i386-apple-darwin
am_cv_CC_dependencies_compiler_type=gcc3
am_cv_CXX_dependencies_compiler_type=gcc3
am_cv_make_support_nested_variables=yes
am_cv_prog_cc_c_o=yes
lt_cv_apple_cc_single_mod=yes
lt_cv_ar_at_file=no
lt_cv_deplibs_check_method=pass_all
lt_cv_file_magic_cmd='$MAGIC_CMD'
lt_cv_file_magic_test_file=
lt_cv_ld_exported_symbols_list=yes
lt_cv_ld_force_load=yes
lt_cv_ld_reload_flag=-r
lt_cv_nm_interface='BSD nm'
lt_cv_objdir=.libs
lt_cv_path_LD='xcrun ld -arch i386'
lt_cv_path_LDCXX='xcrun ld -arch i386'
lt_cv_path_NM=no
lt_cv_path_mainfest_tool=no
lt_cv_prog_compiler_c_o=yes
lt_cv_prog_compiler_c_o_CXX=yes
lt_cv_prog_compiler_pic='-fno-common -DPIC'
lt_cv_prog_compiler_pic_CXX='-fno-common -DPIC'
lt_cv_prog_compiler_pic_works=yes
lt_cv_prog_compiler_pic_works_CXX=yes
lt_cv_prog_compiler_rtti_exceptions=yes
lt_cv_prog_compiler_static_works=no
lt_cv_prog_compiler_static_works_CXX=no
lt_cv_prog_gnu_ld=no
lt_cv_prog_gnu_ldcxx=no
lt_cv_sharedlib_from_linklib_cmd='printf %s\n'
lt_cv_sys_global_symbol_pipe='sed -n -e '\''s/^.*[	 ]\([BCDEGRST][BCDEGRST]*\)[	 ][	 ]*_\([_A-Za-z][_A-Za-z0-9]*\)$/\1 _\2 \2/p'\'' | sed '\''/ __gnu_lto/d'\'''
lt_cv_sys_global_symbol_to_c_name_address='sed -n -e '\''s/^: \([^ ]*\)[ ]*$/  {\"\1\", (void *) 0},/p'\'' -e '\''s/^[BCDEGRST]* \([^ ]*\) \([^ ]*\)$/  {"\2", (void *) \&\2},/p'\'''
lt_cv_sys_global_symbol_to_c_name_address_lib_prefix='sed -n -e '\''s/^: \([^ ]*\)[ ]*$/  {\"\1\", (void *) 0},/p'\'' -e '\''s/^[BCDEGRST]* \([^ ]*\) \(lib[^ ]*\)$/  {"\2", (void *) \&\2},/p'\'' -e '\''s/^[BCDEGRST]* \([^ ]*\) \([^ ]*\)$/  {"lib\2", (void *) \&\2},/p'\'''
lt_cv_sys_global_symbol_to_cdecl='sed -n -e '\''s/^T .* \(.*\)$/extern int \1();/p'\'' -e '\''s/^[BCDEGRST]* .* \(.*\)$/extern char \1;/p'\'''
lt_cv_sys_max_cmd_len=196608
lt_cv_to_host_file_cmd=func_convert_file_noop
lt_cv_to_tool_file_cmd=func_convert_file_noop

## ----------------- ##
## Output variables. ##
## ----------------- ##

ACLOCAL='${SHELL} /Users/huyheo/Documents/Linphone/linphone-iphone/submodules/belle-sip/missing aclocal-1.14'
AMDEPBACKSLASH='\'
AMDEP_FALSE='#'
AMDEP_TRUE=''
AMTAR='$${TAR-tar}'
AM_BACKSLASH='\'
AM_DEFAULT_V='$(AM_DEFAULT_VERBOSITY)'
AM_DEFAULT_VERBOSITY='0'
AM_V='$(V)'
ANTLR='/usr/bin/java -jar /opt/local/share/java/antlr.jar'
ANTLR_CFLAGS='-I/Users/huyheo/Documents/Linphone/linphone-iphone/submodules/build/..//../liblinphone-sdk/i386-apple-darwin/include'
ANTLR_LIBS='-L/Users/huyheo/Documents/Linphone/linphone-iphone/submodules/build/..//../liblinphone-sdk/i386-apple-darwin/lib -lantlr3c'
AR='xcrun ar'
AS='as'
AUTOCONF='${SHELL} /Users/huyheo/Documents/Linphone/linphone-iphone/submodules/belle-sip/missing autoconf'
AUTOHEADER='${SHELL} /Users/huyheo/Documents/Linphone/linphone-iphone/submodules/belle-sip/missing autoheader'
AUTOMAKE='${SHELL} /Users/huyheo/Documents/Linphone/linphone-iphone/submodules/belle-sip/missing automake-1.14'
AWK='awk'
BUILD_TESTS_FALSE=''
BUILD_TESTS_TRUE='#'
BUILD_TLS_FALSE='#'
BUILD_TLS_TRUE=''
CC='xcrun clang -std=c99  -arch i386  -isysroot /Applications/Xcode.app/Contents/Developer/Platforms/iPhoneSimulator.platform/Developer/SDKs/iPhoneSimulator6.1.sdk -miphoneos-version-min=4.0 -DTARGET_OS_IPHONE=1 -D__IOS -fms-extensions'
CCDEPMODE='depmode=gcc3'
CFLAGS='-g'
CPP='xcrun clang -std=c99  -arch i386  -isysroot /Applications/Xcode.app/Contents/Developer/Platforms/iPhoneSimulator.platform/Developer/SDKs/iPhoneSimulator6.1.sdk -miphoneos-version-min=4.0 -DTARGET_OS_IPHONE=1 -D__IOS -fms-extensions -E'
CPPFLAGS='-Dasm=__asm'
CUNIT_CFLAGS=''
CUNIT_LIBS=' -lncurses'
CXX='xcrun clang++  -arch i386  -isysroot /Applications/Xcode.app/Contents/Developer/Platforms/iPhoneSimulator.platform/Developer/SDKs/iPhoneSimulator6.1.sdk -miphoneos-version-min=4.0 -DTARGET_OS_IPHONE=1 -D__IOS -fms-extensions'
CXXCPP='xcrun clang++  -arch i386  -isysroot /Applications/Xcode.app/Contents/Developer/Platforms/iPhoneSimulator.platform/Developer/SDKs/iPhoneSimulator6.1.sdk -miphoneos-version-min=4.0 -DTARGET_OS_IPHONE=1 -D__IOS -fms-extensions -E'
CXXDEPMODE='depmode=gcc3'
CXXFLAGS='-g -O2'
CYGPATH_W='echo'
DEFS='-DHAVE_CONFIG_H'
DEPDIR='.deps'
DLLTOOL='false'
DSYMUTIL='dsymutil'
DUMPBIN=':'
ECHO_C='\c'
ECHO_N=''
ECHO_T=''
EGREP='/opt/local/bin/grep -E'
EXEEXT=''
FGREP='/opt/local/bin/grep -F'
GREP='/opt/local/bin/grep'
INSTALL_DATA='ginstall -C'
INSTALL_PROGRAM='${INSTALL}'
INSTALL_SCRIPT='${INSTALL}'
INSTALL_STRIP_PROGRAM='$(install_sh) -c -s'
JAVA='/usr/bin/java'
LD='xcrun ld -arch i386'
LDFLAGS=''
LESS_STRICT_OPTIONS=''
LIBBELLESIP_CFLAGS=''
LIBOBJS=''
LIBS='-ldl  -lresolv'
LIBTOOL='$(SHELL) $(top_builddir)/libtool'
LIPO='lipo'
LN_S='ln -s'
LTLIBOBJS=''
MAKEINFO='${SHELL} /Users/huyheo/Documents/Linphone/linphone-iphone/submodules/belle-sip/missing makeinfo'
MANIFEST_TOOL=':'
MKDIR_P='/opt/local/bin/gmkdir -p'
NM='nm'
NMEDIT='nmedit'
OBJDUMP='false'
OBJEXT='o'
OTOOL64=':'
OTOOL='otool'
PACKAGE='belle-sip'
PACKAGE_BUGREPORT='jehan.monnier@linphone.org'
PACKAGE_NAME='belle-sip'
PACKAGE_STRING='belle-sip 1.0.0'
PACKAGE_TARNAME='belle-sip'
PACKAGE_URL=''
PACKAGE_VERSION='1.0.0'
PATH_SEPARATOR=':'
PKG_CONFIG='/opt/local/bin/pkg-config'
PKG_CONFIG_LIBDIR='/Users/huyheo/Documents/Linphone/linphone-iphone/submodules/build/..//../liblinphone-sdk/i386-apple-darwin/lib/pkgconfig'
PKG_CONFIG_PATH=''
RANLIB='xcrun ranlib'
SED='/usr/bin/sed'
SET_MAKE=''
SHELL='/bin/sh'
STRICT_OPTIONS=' -Wall -Werror -Wno-unknown-pragmas -Wno-error=unknown-pragmas'
STRIP='strip'
TLS_CFLAGS='-I/Users/huyheo/Documents/Linphone/linphone-iphone/submodules/build/..//../liblinphone-sdk/i386-apple-darwin/include'
TLS_LIBS=' -lpolarssl'
TLS_PC=''
TUNNEL_CFLAGS=''
TUNNEL_LIBS=''
VERSION='1.0.0'
ac_ct_AR=''
ac_ct_CC=''
ac_ct_CXX=''
ac_ct_DUMPBIN='link -dump'
am__EXEEXT_FALSE=''
am__EXEEXT_TRUE='#'
am__fastdepCC_FALSE='#'
am__fastdepCC_TRUE=''
am__fastdepCXX_FALSE='#'
am__fastdepCXX_TRUE=''
am__include='include'
am__isrc=' -I$(srcdir)'
am__leading_dot='.'
am__nodep='_no'
am__quote=''
am__tar='$${TAR-tar} chof - "$$tardir"'
am__untar='$${TAR-tar} xf -'
bindir='${exec_prefix}/bin'
build='x86_64-apple-darwin12.4.0'
build_alias=''
build_cpu='x86_64'
build_os='darwin12.4.0'
build_vendor='apple'
datadir='${datarootdir}'
datarootdir='${prefix}/share'
docdir='${datarootdir}/doc/${PACKAGE_TARNAME}'
dvidir='${docdir}'
exec_prefix='${prefix}'
host='i386-apple-darwin'
host_alias='i386-apple-darwin'
host_cpu='i386'
host_os='darwin'
host_vendor='apple'
htmldir='${docdir}'
includedir='${prefix}/include'
infodir='${datarootdir}/info'
install_sh='${SHELL} /Users/huyheo/Documents/Linphone/linphone-iphone/submodules/belle-sip/install-sh'
libdir='${exec_prefix}/lib'
libexecdir='${exec_prefix}/libexec'
localedir='${datarootdir}/locale'
localstatedir='${prefix}/var'
mandir='${datarootdir}/man'
mkdir_p='$(MKDIR_P)'
oldincludedir='/usr/include'
pdfdir='${docdir}'
prefix='/Users/huyheo/Documents/Linphone/linphone-iphone/submodules/build/..//../liblinphone-sdk/i386-apple-darwin'
program_transform_name='s,x,x,'
psdir='${docdir}'
sbindir='${exec_prefix}/sbin'
sharedstatedir='${prefix}/com'
sysconfdir='${prefix}/etc'
target='i386-apple-darwin'
target_alias=''
target_cpu='i386'
target_os='darwin'
target_vendor='apple'

## ----------- ##
## confdefs.h. ##
## ----------- ##

/* confdefs.h */
#define PACKAGE_NAME "belle-sip"
#define PACKAGE_TARNAME "belle-sip"
#define PACKAGE_VERSION "1.0.0"
#define PACKAGE_STRING "belle-sip 1.0.0"
#define PACKAGE_BUGREPORT "jehan.monnier@linphone.org"
#define PACKAGE_URL ""
#define PACKAGE "belle-sip"
#define VERSION "1.0.0"
#define STDC_HEADERS 1
#define HAVE_SYS_TYPES_H 1
#define HAVE_SYS_STAT_H 1
#define HAVE_STDLIB_H 1
#define HAVE_STRING_H 1
#define HAVE_MEMORY_H 1
#define HAVE_STRINGS_H 1
#define HAVE_INTTYPES_H 1
#define HAVE_STDINT_H 1
#define HAVE_UNISTD_H 1
#define HAVE_DLFCN_H 1
#define LT_OBJDIR ".libs/"
#define HAVE_ANTLR3_H 1
#define HAVE_ANTLR_STRING_STREAM_NEW 1
#define HAVE_RESINIT 1
#define HAVE_POLARSSL_SSL_H 1
#define HAVE_POLARSSL 1
#define HAVE_LIBDL 1

configure: exit 0
